2024-07-10 19:46:31,958 - __main__ - INFO - __init__ - запуск установки
2024-07-10 19:46:59,680 - base_installation - INFO - cycle_analyse - анализируем зацикливания приборов
2024-07-10 19:46:59,680 - base_installation - INFO - cycle_analyse - 0 row=[False, False]
2024-07-10 19:46:59,680 - base_installation - INFO - cycle_analyse - row=[False, False]
2024-07-10 19:46:59,684 - base_installation - INFO - cycle_analyse - анализируем зацикливания приборов
2024-07-10 19:46:59,685 - base_installation - INFO - cycle_analyse - 0 row=[False, False]
2024-07-10 19:46:59,687 - base_installation - INFO - cycle_analyse - row=[False, False]
2024-07-10 19:46:59,688 - base_installation - INFO - cycle_analyse - анализируем зацикливания приборов
2024-07-10 19:46:59,692 - base_installation - INFO - cycle_analyse - 0 row=[False, False]
2024-07-10 19:46:59,693 - base_installation - INFO - cycle_analyse - row=[False, False]
2024-07-10 19:47:57,231 - base_installation - INFO - cycle_analyse - анализируем зацикливания приборов
2024-07-10 19:47:57,232 - base_installation - INFO - cycle_analyse - 0 row=[False, False]
2024-07-10 19:47:57,233 - base_installation - INFO - cycle_analyse - row=[False, False]
2024-07-10 19:47:57,236 - base_installation - INFO - cycle_analyse - анализируем зацикливания приборов
2024-07-10 19:47:57,237 - base_installation - INFO - cycle_analyse - 0 row=[False, False]
2024-07-10 19:47:57,238 - base_installation - INFO - cycle_analyse - row=[False, False]
2024-07-10 19:47:57,239 - base_installation - INFO - cycle_analyse - анализируем зацикливания приборов
2024-07-10 19:47:57,240 - base_installation - INFO - cycle_analyse - 0 row=[False, False]
2024-07-10 19:47:57,241 - base_installation - INFO - cycle_analyse - row=[False, False]
2024-07-10 19:47:58,405 - base_installation - INFO - cycle_analyse - анализируем зацикливания приборов
2024-07-10 19:47:58,406 - base_installation - INFO - cycle_analyse - 0 row=[False, False]
2024-07-10 19:47:58,408 - base_installation - INFO - cycle_analyse - row=[False, False]
2024-07-10 19:47:58,410 - base_installation - INFO - cycle_analyse - анализируем зацикливания приборов
2024-07-10 19:47:58,411 - base_installation - INFO - cycle_analyse - 0 row=[False, False]
2024-07-10 19:47:58,412 - base_installation - INFO - cycle_analyse - row=[False, False]
2024-07-10 19:47:58,413 - base_installation - INFO - cycle_analyse - анализируем зацикливания приборов
2024-07-10 19:47:58,414 - base_installation - INFO - cycle_analyse - 0 row=[False, False]
2024-07-10 19:47:58,415 - base_installation - INFO - cycle_analyse - row=[False, False]
2024-07-10 19:47:58,445 - base_installation - INFO - cycle_analyse - анализируем зацикливания приборов
2024-07-10 19:47:58,447 - base_installation - INFO - cycle_analyse - 0 row=[False, False]
2024-07-10 19:47:58,448 - base_installation - INFO - cycle_analyse - row=[False, False]
2024-07-10 19:47:58,449 - base_installation - INFO - cycle_analyse - анализируем зацикливания приборов
2024-07-10 19:47:58,450 - base_installation - INFO - cycle_analyse - 0 row=[False, False]
2024-07-10 19:47:58,452 - base_installation - INFO - cycle_analyse - row=[False, False]
2024-07-10 19:48:57,107 - base_installation - INFO - cycle_analyse - анализируем зацикливания приборов
2024-07-10 19:48:57,108 - base_installation - INFO - cycle_analyse - 0 row=[False, False]
2024-07-10 19:48:57,111 - base_installation - INFO - cycle_analyse - row=[False, False]
2024-07-10 19:48:57,115 - base_installation - INFO - cycle_analyse - анализируем зацикливания приборов
2024-07-10 19:48:57,117 - base_installation - INFO - cycle_analyse - 0 row=[False, False]
2024-07-10 19:48:57,119 - base_installation - INFO - cycle_analyse - row=[False, False]
2024-07-10 19:48:57,123 - base_installation - INFO - cycle_analyse - анализируем зацикливания приборов
2024-07-10 19:48:57,123 - base_installation - INFO - cycle_analyse - 0 row=[False, False]
2024-07-10 19:48:57,126 - base_installation - INFO - cycle_analyse - row=[False, False]
2024-07-10 19:50:16,658 - __main__ - INFO - __init__ - запуск установки
2024-07-10 21:02:44,195 - __main__ - INFO - __init__ - запуск установки
2024-07-10 21:03:12,693 - base_installation - INFO - cycle_analyse - анализируем зацикливания приборов
2024-07-10 21:03:12,693 - base_installation - INFO - cycle_analyse - 0 row=[False, False]
2024-07-10 21:03:12,693 - base_installation - INFO - cycle_analyse - row=[False, False]
2024-07-10 21:03:12,693 - base_installation - INFO - cycle_analyse - анализируем зацикливания приборов
2024-07-10 21:03:12,693 - base_installation - INFO - cycle_analyse - 0 row=[False, False]
2024-07-10 21:03:12,693 - base_installation - INFO - cycle_analyse - row=[False, False]
2024-07-10 21:03:12,693 - base_installation - INFO - cycle_analyse - анализируем зацикливания приборов
2024-07-10 21:03:12,702 - base_installation - INFO - cycle_analyse - 0 row=[False, False]
2024-07-10 21:03:12,703 - base_installation - INFO - cycle_analyse - row=[False, False]
2024-07-10 21:03:35,139 - base_installation - INFO - cycle_analyse - анализируем зацикливания приборов
2024-07-10 21:03:35,139 - base_installation - INFO - cycle_analyse - 0 row=[False, False]
2024-07-10 21:03:35,139 - base_installation - INFO - cycle_analyse - row=[False, False]
2024-07-10 21:03:35,139 - base_installation - INFO - cycle_analyse - анализируем зацикливания приборов
2024-07-10 21:03:35,139 - base_installation - INFO - cycle_analyse - 0 row=[False, False]
2024-07-10 21:03:35,139 - base_installation - INFO - cycle_analyse - row=[False, False]
2024-07-10 21:03:35,149 - base_installation - INFO - cycle_analyse - анализируем зацикливания приборов
2024-07-10 21:03:35,149 - base_installation - INFO - cycle_analyse - 0 row=[False, False]
2024-07-10 21:03:35,151 - base_installation - INFO - cycle_analyse - row=[False, False]
2024-07-10 21:03:36,208 - base_installation - INFO - cycle_analyse - анализируем зацикливания приборов
2024-07-10 21:03:36,208 - base_installation - INFO - cycle_analyse - 0 row=[False, False]
2024-07-10 21:03:36,208 - base_installation - INFO - cycle_analyse - row=[False, False]
2024-07-10 21:03:36,217 - base_installation - INFO - cycle_analyse - анализируем зацикливания приборов
2024-07-10 21:03:36,217 - base_installation - INFO - cycle_analyse - 0 row=[False, False]
2024-07-10 21:03:36,217 - base_installation - INFO - cycle_analyse - row=[False, False]
2024-07-10 21:03:36,217 - base_installation - INFO - cycle_analyse - анализируем зацикливания приборов
2024-07-10 21:03:36,217 - base_installation - INFO - cycle_analyse - 0 row=[False, False]
2024-07-10 21:03:36,222 - base_installation - INFO - cycle_analyse - row=[False, False]
2024-07-10 21:03:36,251 - base_installation - INFO - cycle_analyse - анализируем зацикливания приборов
2024-07-10 21:03:36,253 - base_installation - INFO - cycle_analyse - 0 row=[False, False]
2024-07-10 21:03:36,254 - base_installation - INFO - cycle_analyse - row=[False, False]
2024-07-10 21:03:36,254 - base_installation - INFO - cycle_analyse - анализируем зацикливания приборов
2024-07-10 21:03:36,254 - base_installation - INFO - cycle_analyse - 0 row=[False, False]
2024-07-10 21:03:36,254 - base_installation - INFO - cycle_analyse - row=[False, False]
2024-07-10 21:11:35,815 - base_installation - INFO - cycle_analyse - анализируем зацикливания приборов
2024-07-10 21:11:35,815 - base_installation - INFO - cycle_analyse - 0 row=[False, False]
2024-07-10 21:11:35,824 - base_installation - INFO - cycle_analyse - row=[False, False]
2024-07-10 21:11:35,824 - base_installation - INFO - cycle_analyse - анализируем зацикливания приборов
2024-07-10 21:11:35,824 - base_installation - INFO - cycle_analyse - 0 row=[False, False]
2024-07-10 21:11:35,824 - base_installation - INFO - cycle_analyse - row=[False, False]
2024-07-10 21:11:35,824 - base_installation - INFO - cycle_analyse - анализируем зацикливания приборов
2024-07-10 21:11:35,831 - base_installation - INFO - cycle_analyse - 0 row=[False, False]
2024-07-10 21:11:35,832 - base_installation - INFO - cycle_analyse - row=[False, False]
2024-07-10 21:32:17,780 - base_installation - INFO - cycle_analyse - анализируем зацикливания приборов
2024-07-10 21:32:17,780 - base_installation - INFO - cycle_analyse - 0 row=[False, False]
2024-07-10 21:32:17,790 - base_installation - INFO - cycle_analyse - row=[False, False]
2024-07-10 21:32:17,790 - base_installation - INFO - cycle_analyse - анализируем зацикливания приборов
2024-07-10 21:32:17,790 - base_installation - INFO - cycle_analyse - 0 row=[False, False]
2024-07-10 21:32:17,790 - base_installation - INFO - cycle_analyse - row=[False, False]
2024-07-10 21:32:17,790 - base_installation - INFO - cycle_analyse - анализируем зацикливания приборов
2024-07-10 21:32:17,797 - base_installation - INFO - cycle_analyse - 0 row=[False, False]
2024-07-10 21:32:17,798 - base_installation - INFO - cycle_analyse - row=[False, False]
2024-07-10 21:32:19,400 - base_installation - INFO - cycle_analyse - анализируем зацикливания приборов
2024-07-10 21:32:19,400 - base_installation - INFO - cycle_analyse - 0 row=[False, False]
2024-07-10 21:32:19,400 - base_installation - INFO - cycle_analyse - row=[False, False]
2024-07-10 21:32:19,400 - base_installation - INFO - cycle_analyse - анализируем зацикливания приборов
2024-07-10 21:32:19,400 - base_installation - INFO - cycle_analyse - 0 row=[False, False]
2024-07-10 21:32:19,410 - base_installation - INFO - cycle_analyse - row=[False, False]
2024-07-10 21:32:19,410 - base_installation - INFO - cycle_analyse - анализируем зацикливания приборов
2024-07-10 21:32:19,413 - base_installation - INFO - cycle_analyse - 0 row=[False, False]
2024-07-10 21:32:19,414 - base_installation - INFO - cycle_analyse - row=[False, False]
2024-07-25 18:58:34,977 - pymodbus.logging - ERROR - error - could not open port 'COM10': PermissionError(13, 'Отказано в доступе.', None, 5)
2024-07-25 18:58:34,978 - pymodbus.logging - ERROR - error - could not open port 'COM10': PermissionError(13, 'Отказано в доступе.', None, 5)
2024-07-25 19:04:56,690 - __main__ - INFO - __init__ - запуск установки
2024-07-25 19:24:38,028 - __main__ - INFO - __init__ - запуск установки
2024-07-25 19:33:38,081 - __main__ - INFO - __init__ - запуск установки
2024-07-25 19:34:04,891 - __main__ - INFO - __init__ - запуск установки
2024-07-25 19:34:23,726 - __main__ - INFO - __init__ - запуск установки
2024-07-25 19:35:31,964 - __main__ - INFO - __init__ - запуск установки
2024-07-25 19:35:55,138 - __main__ - INFO - __init__ - запуск установки
2024-07-25 19:36:17,144 - __main__ - INFO - __init__ - запуск установки
2024-07-25 19:36:40,468 - __main__ - INFO - __init__ - запуск установки
2024-07-25 19:36:59,595 - __main__ - INFO - __init__ - запуск установки
2024-07-25 19:37:41,848 - __main__ - INFO - __init__ - запуск установки
2024-07-25 19:50:15,572 - __main__ - INFO - __init__ - запуск установки
2024-07-25 19:51:15,626 - __main__ - INFO - __init__ - запуск установки
2024-07-25 19:53:13,502 - __main__ - INFO - __init__ - запуск установки
2024-07-25 19:54:05,425 - __main__ - INFO - __init__ - запуск установки
2024-07-26 11:59:46,888 - __main__ - INFO - __init__ - запуск установки
2024-07-26 13:30:16,839 - __main__ - INFO - __init__ - запуск установки
2024-07-26 13:31:00,080 - base_installation - INFO - cycle_analyse - анализируем зацикливания приборов
2024-07-26 13:39:43,025 - __main__ - INFO - __init__ - запуск установки
2024-07-26 13:39:51,832 - __main__ - INFO - __init__ - запуск установки
2024-07-26 13:40:00,448 - base_installation - INFO - cycle_analyse - анализируем зацикливания приборов
2024-07-26 13:40:25,689 - base_installation - INFO - cycle_analyse - 0 row=[False, False, False]
2024-07-26 13:40:25,690 - base_installation - INFO - cycle_analyse - 1 row=['DP832A_1 ch-1_act do_operation', False, False]
2024-07-26 13:40:25,691 - base_installation - INFO - cycle_analyse - row=[False, False, False]
2024-07-26 13:40:25,691 - base_installation - INFO - cycle_analyse - row=['DP832A_1 ch-1_act do_operation', False, False]
2024-07-26 13:40:25,777 - base_installation - INFO - cycle_analyse - анализируем зацикливания приборов
2024-07-26 13:40:27,020 - base_installation - INFO - cycle_analyse - 0 row=[False, False, False]
2024-07-26 13:40:27,021 - base_installation - INFO - cycle_analyse - 1 row=['DP832A_1 ch-1_act do_operation', False, False]
2024-07-26 13:40:27,022 - base_installation - INFO - cycle_analyse - row=[False, False, False]
2024-07-26 13:40:27,022 - base_installation - INFO - cycle_analyse - row=['DP832A_1 ch-1_act do_operation', False, False]
2024-07-26 13:40:27,023 - base_installation - INFO - cycle_analyse - анализируем зацикливания приборов
2024-07-26 13:40:28,104 - base_installation - INFO - cycle_analyse - 0 row=[False, False, False]
2024-07-26 13:40:28,105 - base_installation - INFO - cycle_analyse - 1 row=['DP832A_1 ch-1_act do_operation', False, False]
2024-07-26 13:40:28,106 - base_installation - INFO - cycle_analyse - row=[False, False, False]
2024-07-26 13:40:28,106 - base_installation - INFO - cycle_analyse - row=['DP832A_1 ch-1_act do_operation', False, False]
2024-07-26 13:40:39,920 - base_installation - INFO - cycle_analyse - анализируем зацикливания приборов
2024-07-26 13:40:49,971 - base_installation - INFO - cycle_analyse - 0 row=[False, False, False]
2024-07-26 13:40:49,973 - base_installation - INFO - cycle_analyse - 1 row=['DP832A_1 ch-1_act do_operation', False, False]
2024-07-26 13:40:49,973 - base_installation - INFO - cycle_analyse - row=[False, False, False]
2024-07-26 13:40:49,974 - base_installation - INFO - cycle_analyse - row=['DP832A_1 ch-1_act do_operation', False, False]
2024-07-26 13:40:50,061 - base_installation - INFO - cycle_analyse - анализируем зацикливания приборов
2024-07-26 13:40:50,776 - base_installation - INFO - cycle_analyse - 0 row=[False, False, False]
2024-07-26 13:40:50,777 - base_installation - INFO - cycle_analyse - 1 row=['DP832A_1 ch-1_act do_operation', False, False]
2024-07-26 13:40:50,778 - base_installation - INFO - cycle_analyse - row=[False, False, False]
2024-07-26 13:40:50,778 - base_installation - INFO - cycle_analyse - row=['DP832A_1 ch-1_act do_operation', False, False]
2024-07-26 13:40:50,779 - base_installation - INFO - cycle_analyse - анализируем зацикливания приборов
2024-07-26 13:40:52,331 - base_installation - INFO - cycle_analyse - 0 row=[False, False, False]
2024-07-26 13:40:52,332 - base_installation - INFO - cycle_analyse - 1 row=['DP832A_1 ch-1_act do_operation', False, False]
2024-07-26 13:40:52,333 - base_installation - INFO - cycle_analyse - row=[False, False, False]
2024-07-26 13:40:52,333 - base_installation - INFO - cycle_analyse - row=['DP832A_1 ch-1_act do_operation', False, False]
2024-07-26 13:43:41,251 - base_installation - INFO - cycle_analyse - анализируем зацикливания приборов
2024-07-26 13:43:49,294 - base_installation - INFO - cycle_analyse - 0 row=[False, False, False]
2024-07-26 13:43:49,296 - base_installation - INFO - cycle_analyse - 1 row=['DP832A_1 ch-1_act do_operation', False, False]
2024-07-26 13:43:49,297 - base_installation - INFO - cycle_analyse - row=[False, False, False]
2024-07-26 13:43:49,297 - base_installation - INFO - cycle_analyse - row=['DP832A_1 ch-1_act do_operation', False, False]
2024-07-26 13:43:49,384 - base_installation - INFO - cycle_analyse - анализируем зацикливания приборов
2024-07-26 13:43:56,047 - base_installation - INFO - cycle_analyse - 0 row=[False, False, False]
2024-07-26 13:43:56,049 - base_installation - INFO - cycle_analyse - 1 row=['DP832A_1 ch-1_act do_operation', False, False]
2024-07-26 13:43:56,050 - base_installation - INFO - cycle_analyse - row=[False, False, False]
2024-07-26 13:43:56,051 - base_installation - INFO - cycle_analyse - row=['DP832A_1 ch-1_act do_operation', False, False]
2024-07-26 13:43:56,052 - base_installation - INFO - cycle_analyse - анализируем зацикливания приборов
2024-07-26 13:43:56,617 - base_installation - INFO - cycle_analyse - 0 row=[False, False, False]
2024-07-26 13:43:56,618 - base_installation - INFO - cycle_analyse - 1 row=['DP832A_1 ch-1_act do_operation', False, False]
2024-07-26 13:43:56,619 - base_installation - INFO - cycle_analyse - row=[False, False, False]
2024-07-26 13:43:56,620 - base_installation - INFO - cycle_analyse - row=['DP832A_1 ch-1_act do_operation', False, False]
2024-07-26 13:44:15,201 - base_installation - INFO - cycle_analyse - анализируем зацикливания приборов
2024-07-26 13:45:59,820 - base_installation - INFO - cycle_analyse - 0 row=[False, False, False]
2024-07-26 13:45:59,821 - base_installation - INFO - cycle_analyse - 1 row=['DP832A_1 ch-1_act do_operation', False, False]
2024-07-26 13:45:59,822 - base_installation - INFO - cycle_analyse - row=[False, False, False]
2024-07-26 13:45:59,823 - base_installation - INFO - cycle_analyse - row=['DP832A_1 ch-1_act do_operation', False, False]
2024-07-26 13:45:59,909 - base_installation - INFO - cycle_analyse - анализируем зацикливания приборов
2024-07-26 13:46:02,227 - base_installation - INFO - cycle_analyse - 0 row=[False, False, False]
2024-07-26 13:46:02,228 - base_installation - INFO - cycle_analyse - 1 row=['DP832A_1 ch-1_act do_operation', False, False]
2024-07-26 13:46:02,229 - base_installation - INFO - cycle_analyse - row=[False, False, False]
2024-07-26 13:46:02,230 - base_installation - INFO - cycle_analyse - row=['DP832A_1 ch-1_act do_operation', False, False]
2024-07-26 13:46:02,230 - base_installation - INFO - cycle_analyse - анализируем зацикливания приборов
2024-07-26 13:46:03,751 - base_installation - INFO - cycle_analyse - 0 row=[False, False, False]
2024-07-26 13:46:03,751 - base_installation - INFO - cycle_analyse - 1 row=['DP832A_1 ch-1_act do_operation', False, False]
2024-07-26 13:46:03,752 - base_installation - INFO - cycle_analyse - row=[False, False, False]
2024-07-26 13:46:03,753 - base_installation - INFO - cycle_analyse - row=['DP832A_1 ch-1_act do_operation', False, False]
2024-07-26 13:49:41,633 - base_installation - INFO - cycle_analyse - анализируем зацикливания приборов
2024-07-26 13:49:45,658 - base_installation - INFO - cycle_analyse - 0 row=[False, False, False]
2024-07-26 13:49:45,658 - base_installation - INFO - cycle_analyse - 1 row=['DP832A_1 ch-1_act do_operation', False, False]
2024-07-26 13:49:45,659 - base_installation - INFO - cycle_analyse - row=[False, False, False]
2024-07-26 13:49:45,659 - base_installation - INFO - cycle_analyse - row=['DP832A_1 ch-1_act do_operation', False, False]
2024-07-26 13:54:32,718 - base_installation - INFO - cycle_analyse - анализируем зацикливания приборов
2024-07-26 13:54:32,719 - base_installation - INFO - cycle_analyse - 0 row=[False, False, False]
2024-07-26 13:54:32,719 - base_installation - INFO - cycle_analyse - 1 row=['DP832A_1 ch-1_act end_work', False, False]
2024-07-26 13:54:32,720 - base_installation - INFO - cycle_analyse - row=[False, False, False]
2024-07-26 13:54:32,720 - base_installation - INFO - cycle_analyse - row=['DP832A_1 ch-1_act end_work', False, False]
2024-07-26 13:54:32,805 - base_installation - INFO - cycle_analyse - анализируем зацикливания приборов
2024-07-26 13:54:32,806 - base_installation - INFO - cycle_analyse - 0 row=[False, False, False]
2024-07-26 13:54:32,807 - base_installation - INFO - cycle_analyse - 1 row=['DP832A_1 ch-1_act end_work', False, False]
2024-07-26 13:54:32,807 - base_installation - INFO - cycle_analyse - row=[False, False, False]
2024-07-26 13:54:32,807 - base_installation - INFO - cycle_analyse - row=['DP832A_1 ch-1_act end_work', False, False]
2024-07-26 13:54:32,808 - base_installation - INFO - cycle_analyse - анализируем зацикливания приборов
2024-07-26 13:54:32,808 - base_installation - INFO - cycle_analyse - 0 row=[False, False, False]
2024-07-26 13:54:32,809 - base_installation - INFO - cycle_analyse - 1 row=['DP832A_1 ch-1_act end_work', False, False]
2024-07-26 13:54:32,809 - base_installation - INFO - cycle_analyse - row=[False, False, False]
2024-07-26 13:54:32,809 - base_installation - INFO - cycle_analyse - row=['DP832A_1 ch-1_act end_work', False, False]
2024-07-26 13:54:35,929 - base_installation - INFO - cycle_analyse - анализируем зацикливания приборов
2024-07-26 13:54:35,930 - base_installation - INFO - cycle_analyse - 0 row=[False, False, False]
2024-07-26 13:54:35,931 - base_installation - INFO - cycle_analyse - 1 row=['DP832A_1 ch-1_act end_work', False, False]
2024-07-26 13:54:35,931 - base_installation - INFO - cycle_analyse - row=[False, False, False]
2024-07-26 13:54:35,932 - base_installation - INFO - cycle_analyse - row=['DP832A_1 ch-1_act end_work', False, False]
2024-07-26 13:54:36,016 - base_installation - INFO - cycle_analyse - анализируем зацикливания приборов
2024-07-26 13:54:36,016 - base_installation - INFO - cycle_analyse - 0 row=[False, False, False]
2024-07-26 13:54:36,017 - base_installation - INFO - cycle_analyse - 1 row=['DP832A_1 ch-1_act end_work', False, False]
2024-07-26 13:54:36,018 - base_installation - INFO - cycle_analyse - row=[False, False, False]
2024-07-26 13:54:36,018 - base_installation - INFO - cycle_analyse - row=['DP832A_1 ch-1_act end_work', False, False]
2024-07-26 13:54:36,019 - base_installation - INFO - cycle_analyse - анализируем зацикливания приборов
2024-07-26 13:54:36,020 - base_installation - INFO - cycle_analyse - 0 row=[False, False, False]
2024-07-26 13:54:36,020 - base_installation - INFO - cycle_analyse - 1 row=['DP832A_1 ch-1_act end_work', False, False]
2024-07-26 13:54:36,021 - base_installation - INFO - cycle_analyse - row=[False, False, False]
2024-07-26 13:54:36,021 - base_installation - INFO - cycle_analyse - row=['DP832A_1 ch-1_act end_work', False, False]
2024-07-26 13:54:47,666 - base_installation - INFO - cycle_analyse - анализируем зацикливания приборов
2024-07-26 13:54:47,667 - base_installation - INFO - cycle_analyse - 0 row=[False, False, False]
2024-07-26 13:54:47,667 - base_installation - INFO - cycle_analyse - 1 row=['DP832A_1 ch-1_act end_work', False, False]
2024-07-26 13:54:47,668 - base_installation - INFO - cycle_analyse - row=[False, False, False]
2024-07-26 13:54:47,668 - base_installation - INFO - cycle_analyse - row=['DP832A_1 ch-1_act end_work', False, False]
2024-07-26 13:54:47,753 - base_installation - INFO - cycle_analyse - анализируем зацикливания приборов
2024-07-26 13:54:47,754 - base_installation - INFO - cycle_analyse - 0 row=[False, False, False]
2024-07-26 13:54:47,754 - base_installation - INFO - cycle_analyse - 1 row=['DP832A_1 ch-1_act end_work', False, False]
2024-07-26 13:54:47,755 - base_installation - INFO - cycle_analyse - row=[False, False, False]
2024-07-26 13:54:47,755 - base_installation - INFO - cycle_analyse - row=['DP832A_1 ch-1_act end_work', False, False]
2024-07-26 13:54:47,755 - base_installation - INFO - cycle_analyse - анализируем зацикливания приборов
2024-07-26 13:54:47,756 - base_installation - INFO - cycle_analyse - 0 row=[False, False, False]
2024-07-26 13:54:47,757 - base_installation - INFO - cycle_analyse - 1 row=['DP832A_1 ch-1_act end_work', False, False]
2024-07-26 13:54:47,758 - base_installation - INFO - cycle_analyse - row=[False, False, False]
2024-07-26 13:54:47,758 - base_installation - INFO - cycle_analyse - row=['DP832A_1 ch-1_act end_work', False, False]
2024-07-26 13:55:06,614 - base_installation - INFO - cycle_analyse - анализируем зацикливания приборов
2024-07-26 13:55:06,616 - base_installation - INFO - cycle_analyse - 0 row=[False, False, False]
2024-07-26 13:55:06,617 - base_installation - INFO - cycle_analyse - 1 row=['DP832A_1 ch-1_act end_work', False, False]
2024-07-26 13:55:06,618 - base_installation - INFO - cycle_analyse - row=[False, False, False]
2024-07-26 13:55:06,619 - base_installation - INFO - cycle_analyse - row=['DP832A_1 ch-1_act end_work', False, False]
2024-07-26 13:55:06,705 - base_installation - INFO - cycle_analyse - анализируем зацикливания приборов
2024-07-26 13:55:06,706 - base_installation - INFO - cycle_analyse - 0 row=[False, False, False]
2024-07-26 13:55:06,706 - base_installation - INFO - cycle_analyse - 1 row=['DP832A_1 ch-1_act end_work', False, False]
2024-07-26 13:55:06,707 - base_installation - INFO - cycle_analyse - row=[False, False, False]
2024-07-26 13:55:06,707 - base_installation - INFO - cycle_analyse - row=['DP832A_1 ch-1_act end_work', False, False]
2024-07-26 13:55:06,708 - base_installation - INFO - cycle_analyse - анализируем зацикливания приборов
2024-07-26 13:55:06,708 - base_installation - INFO - cycle_analyse - 0 row=[False, False, False]
2024-07-26 13:55:06,709 - base_installation - INFO - cycle_analyse - 1 row=['DP832A_1 ch-1_act end_work', False, False]
2024-07-26 13:55:06,709 - base_installation - INFO - cycle_analyse - row=[False, False, False]
2024-07-26 13:55:06,709 - base_installation - INFO - cycle_analyse - row=['DP832A_1 ch-1_act end_work', False, False]
2024-07-26 15:33:08,567 - __main__ - INFO - __init__ - запуск установки
2024-07-26 15:33:41,384 - base_installation - INFO - cycle_analyse - анализируем зацикливания приборов
2024-07-26 15:33:41,385 - base_installation - INFO - cycle_analyse - 0 row=['DP832A_1 ch-1_meas do_operation', 'DP832A_1 ch-1_act do_operation', 'DP832A_1 ch-1_meas do_operation']
2024-07-26 15:33:41,385 - base_installation - INFO - cycle_analyse - 1 row=['DP832A_1 ch-1_act do_operation', 'DP832A_1 ch-1_meas do_operation', 'DP832A_1 ch-1_act do_operation']
2024-07-26 15:33:41,386 - base_installation - INFO - cycle_analyse - row=['DP832A_1 ch-1_meas do_operation', 'DP832A_1 ch-1_act do_operation', 'DP832A_1 ch-1_meas do_operation']
2024-07-26 15:33:41,387 - base_installation - INFO - cycle_analyse - row=['DP832A_1 ch-1_act do_operation', 'DP832A_1 ch-1_meas do_operation', 'DP832A_1 ch-1_act do_operation']
2024-07-26 15:33:41,472 - base_installation - INFO - cycle_analyse - анализируем зацикливания приборов
2024-07-26 15:33:41,473 - base_installation - INFO - cycle_analyse - 0 row=['DP832A_1 ch-1_meas do_operation', 'DP832A_1 ch-1_act do_operation', 'DP832A_1 ch-1_meas do_operation']
2024-07-26 15:33:41,473 - base_installation - INFO - cycle_analyse - 1 row=['DP832A_1 ch-1_act do_operation', 'DP832A_1 ch-1_meas do_operation', 'DP832A_1 ch-1_act do_operation']
2024-07-26 15:33:41,473 - base_installation - INFO - cycle_analyse - row=['DP832A_1 ch-1_meas do_operation', 'DP832A_1 ch-1_act do_operation', 'DP832A_1 ch-1_meas do_operation']
2024-07-26 15:33:41,474 - base_installation - INFO - cycle_analyse - row=['DP832A_1 ch-1_act do_operation', 'DP832A_1 ch-1_meas do_operation', 'DP832A_1 ch-1_act do_operation']
2024-07-26 15:33:41,475 - base_installation - INFO - cycle_analyse - анализируем зацикливания приборов
2024-07-26 15:33:41,475 - base_installation - INFO - cycle_analyse - 0 row=['DP832A_1 ch-1_meas do_operation', 'DP832A_1 ch-1_act do_operation', 'DP832A_1 ch-1_meas do_operation']
2024-07-26 15:33:41,476 - base_installation - INFO - cycle_analyse - 1 row=['DP832A_1 ch-1_act do_operation', 'DP832A_1 ch-1_meas do_operation', 'DP832A_1 ch-1_act do_operation']
2024-07-26 15:33:41,476 - base_installation - INFO - cycle_analyse - row=['DP832A_1 ch-1_meas do_operation', 'DP832A_1 ch-1_act do_operation', 'DP832A_1 ch-1_meas do_operation']
2024-07-26 15:33:41,476 - base_installation - INFO - cycle_analyse - row=['DP832A_1 ch-1_act do_operation', 'DP832A_1 ch-1_meas do_operation', 'DP832A_1 ch-1_act do_operation']
2024-07-26 15:33:44,892 - base_installation - INFO - cycle_analyse - анализируем зацикливания приборов
2024-07-26 15:33:44,893 - base_installation - INFO - cycle_analyse - 0 row=['DP832A_1 ch-1_meas do_operation', 'DP832A_1 ch-1_act do_operation', 'DP832A_1 ch-1_meas do_operation']
2024-07-26 15:33:44,893 - base_installation - INFO - cycle_analyse - 1 row=['DP832A_1 ch-1_act do_operation', 'DP832A_1 ch-1_meas do_operation', 'DP832A_1 ch-1_act do_operation']
2024-07-26 15:33:44,894 - base_installation - INFO - cycle_analyse - row=['DP832A_1 ch-1_meas do_operation', 'DP832A_1 ch-1_act do_operation', 'DP832A_1 ch-1_meas do_operation']
2024-07-26 15:33:44,894 - base_installation - INFO - cycle_analyse - row=['DP832A_1 ch-1_act do_operation', 'DP832A_1 ch-1_meas do_operation', 'DP832A_1 ch-1_act do_operation']
2024-07-26 15:33:44,980 - base_installation - INFO - cycle_analyse - анализируем зацикливания приборов
2024-07-26 15:33:44,981 - base_installation - INFO - cycle_analyse - 0 row=['DP832A_1 ch-1_meas do_operation', 'DP832A_1 ch-1_act do_operation', 'DP832A_1 ch-1_meas do_operation']
2024-07-26 15:33:44,981 - base_installation - INFO - cycle_analyse - 1 row=['DP832A_1 ch-1_act do_operation', 'DP832A_1 ch-1_meas do_operation', 'DP832A_1 ch-1_act do_operation']
2024-07-26 15:33:44,982 - base_installation - INFO - cycle_analyse - row=['DP832A_1 ch-1_meas do_operation', 'DP832A_1 ch-1_act do_operation', 'DP832A_1 ch-1_meas do_operation']
2024-07-26 15:33:44,983 - base_installation - INFO - cycle_analyse - row=['DP832A_1 ch-1_act do_operation', 'DP832A_1 ch-1_meas do_operation', 'DP832A_1 ch-1_act do_operation']
2024-07-26 15:33:44,984 - base_installation - INFO - cycle_analyse - анализируем зацикливания приборов
2024-07-26 15:33:44,984 - base_installation - INFO - cycle_analyse - 0 row=['DP832A_1 ch-1_meas do_operation', 'DP832A_1 ch-1_act do_operation', 'DP832A_1 ch-1_meas do_operation']
2024-07-26 15:33:44,985 - base_installation - INFO - cycle_analyse - 1 row=['DP832A_1 ch-1_act do_operation', 'DP832A_1 ch-1_meas do_operation', 'DP832A_1 ch-1_act do_operation']
2024-07-26 15:33:44,985 - base_installation - INFO - cycle_analyse - row=['DP832A_1 ch-1_meas do_operation', 'DP832A_1 ch-1_act do_operation', 'DP832A_1 ch-1_meas do_operation']
2024-07-26 15:33:44,986 - base_installation - INFO - cycle_analyse - row=['DP832A_1 ch-1_act do_operation', 'DP832A_1 ch-1_meas do_operation', 'DP832A_1 ch-1_act do_operation']
2024-07-26 15:33:48,665 - base_installation - INFO - cycle_analyse - анализируем зацикливания приборов
2024-07-26 15:33:48,665 - base_installation - INFO - cycle_analyse - 0 row=['DP832A_1 ch-1_meas do_operation', 'DP832A_1 ch-1_act do_operation', 'DP832A_1 ch-1_meas do_operation']
2024-07-26 15:33:48,666 - base_installation - INFO - cycle_analyse - 1 row=['DP832A_1 ch-1_act do_operation', 'DP832A_1 ch-1_meas do_operation', 'DP832A_1 ch-1_act do_operation']
2024-07-26 15:33:48,666 - base_installation - INFO - cycle_analyse - row=['DP832A_1 ch-1_meas do_operation', 'DP832A_1 ch-1_act do_operation', 'DP832A_1 ch-1_meas do_operation']
2024-07-26 15:33:48,667 - base_installation - INFO - cycle_analyse - row=['DP832A_1 ch-1_act do_operation', 'DP832A_1 ch-1_meas do_operation', 'DP832A_1 ch-1_act do_operation']
2024-07-26 15:33:48,752 - base_installation - INFO - cycle_analyse - анализируем зацикливания приборов
2024-07-26 15:33:48,753 - base_installation - INFO - cycle_analyse - 0 row=['DP832A_1 ch-1_meas do_operation', 'DP832A_1 ch-1_act do_operation', 'DP832A_1 ch-1_meas do_operation']
2024-07-26 15:33:48,754 - base_installation - INFO - cycle_analyse - 1 row=['DP832A_1 ch-1_act do_operation', 'DP832A_1 ch-1_meas do_operation', 'DP832A_1 ch-1_act do_operation']
2024-07-26 15:33:48,755 - base_installation - INFO - cycle_analyse - row=['DP832A_1 ch-1_meas do_operation', 'DP832A_1 ch-1_act do_operation', 'DP832A_1 ch-1_meas do_operation']
2024-07-26 15:33:48,756 - base_installation - INFO - cycle_analyse - row=['DP832A_1 ch-1_act do_operation', 'DP832A_1 ch-1_meas do_operation', 'DP832A_1 ch-1_act do_operation']
2024-07-26 15:33:48,756 - base_installation - INFO - cycle_analyse - анализируем зацикливания приборов
2024-07-26 15:33:48,757 - base_installation - INFO - cycle_analyse - 0 row=['DP832A_1 ch-1_meas do_operation', 'DP832A_1 ch-1_act do_operation', 'DP832A_1 ch-1_meas do_operation']
2024-07-26 15:33:48,757 - base_installation - INFO - cycle_analyse - 1 row=['DP832A_1 ch-1_act do_operation', 'DP832A_1 ch-1_meas do_operation', 'DP832A_1 ch-1_act do_operation']
2024-07-26 15:33:48,757 - base_installation - INFO - cycle_analyse - row=['DP832A_1 ch-1_meas do_operation', 'DP832A_1 ch-1_act do_operation', 'DP832A_1 ch-1_meas do_operation']
2024-07-26 15:33:48,758 - base_installation - INFO - cycle_analyse - row=['DP832A_1 ch-1_act do_operation', 'DP832A_1 ch-1_meas do_operation', 'DP832A_1 ch-1_act do_operation']
2024-07-26 15:33:54,882 - base_installation - INFO - cycle_analyse - анализируем зацикливания приборов
2024-07-26 15:33:54,883 - base_installation - INFO - cycle_analyse - 0 row=['DP832A_1 ch-1_meas do_operation', 'DP832A_1 ch-1_act do_operation', 'DP832A_1 ch-1_meas do_operation']
2024-07-26 15:33:54,884 - base_installation - INFO - cycle_analyse - 1 row=['DP832A_1 ch-1_act do_operation', 'DP832A_1 ch-1_meas do_operation', 'DP832A_1 ch-1_act do_operation']
2024-07-26 15:33:54,885 - base_installation - INFO - cycle_analyse - row=['DP832A_1 ch-1_meas do_operation', 'DP832A_1 ch-1_act do_operation', 'DP832A_1 ch-1_meas do_operation']
2024-07-26 15:33:54,885 - base_installation - INFO - cycle_analyse - row=['DP832A_1 ch-1_act do_operation', 'DP832A_1 ch-1_meas do_operation', 'DP832A_1 ch-1_act do_operation']
2024-07-26 15:33:54,886 - base_installation - INFO - cycle_analyse - анализируем зацикливания приборов
2024-07-26 15:33:54,887 - base_installation - INFO - cycle_analyse - 0 row=['DP832A_1 ch-1_meas do_operation', 'DP832A_1 ch-1_act do_operation', 'DP832A_1 ch-1_meas do_operation']
2024-07-26 15:33:54,888 - base_installation - INFO - cycle_analyse - 1 row=['DP832A_1 ch-1_act do_operation', 'DP832A_1 ch-1_meas do_operation', 'DP832A_1 ch-1_act do_operation']
2024-07-26 15:33:54,888 - base_installation - INFO - cycle_analyse - row=['DP832A_1 ch-1_meas do_operation', 'DP832A_1 ch-1_act do_operation', 'DP832A_1 ch-1_meas do_operation']
2024-07-26 15:33:54,889 - base_installation - INFO - cycle_analyse - row=['DP832A_1 ch-1_act do_operation', 'DP832A_1 ch-1_meas do_operation', 'DP832A_1 ch-1_act do_operation']
2024-07-26 15:35:01,788 - base_installation - INFO - cycle_analyse - анализируем зацикливания приборов
2024-07-26 15:35:01,789 - base_installation - INFO - cycle_analyse - 0 row=['DP832A_1 ch-1_meas do_operation', 'DP832A_1 ch-1_act do_operation', 'DP832A_1 ch-1_meas do_operation']
2024-07-26 15:35:01,789 - base_installation - INFO - cycle_analyse - 1 row=['DP832A_1 ch-1_act do_operation', 'DP832A_1 ch-1_meas do_operation', 'DP832A_1 ch-1_act do_operation']
2024-07-26 15:35:01,789 - base_installation - INFO - cycle_analyse - row=['DP832A_1 ch-1_meas do_operation', 'DP832A_1 ch-1_act do_operation', 'DP832A_1 ch-1_meas do_operation']
2024-07-26 15:35:01,790 - base_installation - INFO - cycle_analyse - row=['DP832A_1 ch-1_act do_operation', 'DP832A_1 ch-1_meas do_operation', 'DP832A_1 ch-1_act do_operation']
2024-07-26 15:35:01,874 - base_installation - INFO - cycle_analyse - анализируем зацикливания приборов
2024-07-26 15:35:01,875 - base_installation - INFO - cycle_analyse - 0 row=['DP832A_1 ch-1_meas do_operation', 'DP832A_1 ch-1_act do_operation', 'DP832A_1 ch-1_meas do_operation']
2024-07-26 15:35:01,876 - base_installation - INFO - cycle_analyse - 1 row=['DP832A_1 ch-1_act do_operation', 'DP832A_1 ch-1_meas do_operation', 'DP832A_1 ch-1_act do_operation']
2024-07-26 15:35:01,877 - base_installation - INFO - cycle_analyse - row=['DP832A_1 ch-1_meas do_operation', 'DP832A_1 ch-1_act do_operation', 'DP832A_1 ch-1_meas do_operation']
2024-07-26 15:35:01,879 - base_installation - INFO - cycle_analyse - row=['DP832A_1 ch-1_act do_operation', 'DP832A_1 ch-1_meas do_operation', 'DP832A_1 ch-1_act do_operation']
2024-07-26 15:35:01,880 - base_installation - INFO - cycle_analyse - анализируем зацикливания приборов
2024-07-26 15:35:01,880 - base_installation - INFO - cycle_analyse - 0 row=['DP832A_1 ch-1_meas do_operation', 'DP832A_1 ch-1_act do_operation', 'DP832A_1 ch-1_meas do_operation']
2024-07-26 15:35:01,881 - base_installation - INFO - cycle_analyse - 1 row=['DP832A_1 ch-1_act do_operation', 'DP832A_1 ch-1_meas do_operation', 'DP832A_1 ch-1_act do_operation']
2024-07-26 15:35:01,881 - base_installation - INFO - cycle_analyse - row=['DP832A_1 ch-1_meas do_operation', 'DP832A_1 ch-1_act do_operation', 'DP832A_1 ch-1_meas do_operation']
2024-07-26 15:35:01,882 - base_installation - INFO - cycle_analyse - row=['DP832A_1 ch-1_act do_operation', 'DP832A_1 ch-1_meas do_operation', 'DP832A_1 ch-1_act do_operation']
2024-07-26 15:35:42,079 - __main__ - INFO - __init__ - запуск установки
2024-07-26 15:36:16,977 - __main__ - INFO - __init__ - запуск установки
2024-07-26 15:36:52,286 - base_installation - INFO - cycle_analyse - анализируем зацикливания приборов
2024-07-26 15:36:52,287 - base_installation - INFO - cycle_analyse - 0 row=[False, False, False]
2024-07-26 15:36:52,287 - base_installation - INFO - cycle_analyse - 1 row=['SR830_1 ch-1_meas do_operation', False, False]
2024-07-26 15:36:52,288 - base_installation - INFO - cycle_analyse - row=[False, False, False]
2024-07-26 15:36:52,288 - base_installation - INFO - cycle_analyse - row=['SR830_1 ch-1_meas do_operation', False, False]
2024-07-26 15:36:52,372 - base_installation - INFO - cycle_analyse - анализируем зацикливания приборов
2024-07-26 15:36:52,373 - base_installation - INFO - cycle_analyse - 0 row=[False, False, False]
2024-07-26 15:36:52,373 - base_installation - INFO - cycle_analyse - 1 row=['SR830_1 ch-1_meas do_operation', False, False]
2024-07-26 15:36:52,374 - base_installation - INFO - cycle_analyse - row=[False, False, False]
2024-07-26 15:36:52,374 - base_installation - INFO - cycle_analyse - row=['SR830_1 ch-1_meas do_operation', False, False]
2024-07-26 15:36:52,374 - base_installation - INFO - cycle_analyse - анализируем зацикливания приборов
2024-07-26 15:36:52,375 - base_installation - INFO - cycle_analyse - 0 row=[False, False, False]
2024-07-26 15:36:52,375 - base_installation - INFO - cycle_analyse - 1 row=['SR830_1 ch-1_meas do_operation', False, False]
2024-07-26 15:36:52,375 - base_installation - INFO - cycle_analyse - row=[False, False, False]
2024-07-26 15:36:52,376 - base_installation - INFO - cycle_analyse - row=['SR830_1 ch-1_meas do_operation', False, False]
2024-07-26 15:36:55,024 - base_installation - INFO - cycle_analyse - анализируем зацикливания приборов
2024-07-26 15:36:55,024 - base_installation - INFO - cycle_analyse - 0 row=[False, False, False]
2024-07-26 15:36:55,025 - base_installation - INFO - cycle_analyse - 1 row=['SR830_1 ch-1_meas do_operation', False, False]
2024-07-26 15:36:55,025 - base_installation - INFO - cycle_analyse - row=[False, False, False]
2024-07-26 15:36:55,025 - base_installation - INFO - cycle_analyse - row=['SR830_1 ch-1_meas do_operation', False, False]
2024-07-26 15:36:55,110 - base_installation - INFO - cycle_analyse - анализируем зацикливания приборов
2024-07-26 15:36:55,111 - base_installation - INFO - cycle_analyse - 0 row=[False, False, False]
2024-07-26 15:36:55,111 - base_installation - INFO - cycle_analyse - 1 row=['SR830_1 ch-1_meas do_operation', False, False]
2024-07-26 15:36:55,112 - base_installation - INFO - cycle_analyse - row=[False, False, False]
2024-07-26 15:36:55,112 - base_installation - INFO - cycle_analyse - row=['SR830_1 ch-1_meas do_operation', False, False]
2024-07-26 15:36:55,113 - base_installation - INFO - cycle_analyse - анализируем зацикливания приборов
2024-07-26 15:36:55,113 - base_installation - INFO - cycle_analyse - 0 row=[False, False, False]
2024-07-26 15:36:55,113 - base_installation - INFO - cycle_analyse - 1 row=['SR830_1 ch-1_meas do_operation', False, False]
2024-07-26 15:36:55,114 - base_installation - INFO - cycle_analyse - row=[False, False, False]
2024-07-26 15:36:55,114 - base_installation - INFO - cycle_analyse - row=['SR830_1 ch-1_meas do_operation', False, False]
2024-07-26 15:36:56,947 - base_installation - INFO - cycle_analyse - анализируем зацикливания приборов
2024-07-26 15:36:56,948 - base_installation - INFO - cycle_analyse - 0 row=[False, False, False]
2024-07-26 15:36:56,948 - base_installation - INFO - cycle_analyse - 1 row=['SR830_1 ch-1_meas do_operation', False, False]
2024-07-26 15:36:56,949 - base_installation - INFO - cycle_analyse - row=[False, False, False]
2024-07-26 15:36:56,949 - base_installation - INFO - cycle_analyse - row=['SR830_1 ch-1_meas do_operation', False, False]
2024-07-26 15:36:56,950 - base_installation - INFO - cycle_analyse - анализируем зацикливания приборов
2024-07-26 15:36:56,950 - base_installation - INFO - cycle_analyse - 0 row=[False, False, False]
2024-07-26 15:36:56,951 - base_installation - INFO - cycle_analyse - 1 row=['SR830_1 ch-1_meas do_operation', False, False]
2024-07-26 15:36:56,951 - base_installation - INFO - cycle_analyse - row=[False, False, False]
2024-07-26 15:36:56,952 - base_installation - INFO - cycle_analyse - row=['SR830_1 ch-1_meas do_operation', False, False]
2024-07-26 15:37:02,534 - base_installation - INFO - cycle_analyse - анализируем зацикливания приборов
2024-07-26 15:37:02,534 - base_installation - INFO - cycle_analyse - 0 row=[False, False, False]
2024-07-26 15:37:02,535 - base_installation - INFO - cycle_analyse - 1 row=['SR830_1 ch-1_meas do_operation', False, False]
2024-07-26 15:37:02,535 - base_installation - INFO - cycle_analyse - row=[False, False, False]
2024-07-26 15:37:02,535 - base_installation - INFO - cycle_analyse - row=['SR830_1 ch-1_meas do_operation', False, False]
2024-07-26 15:37:02,620 - base_installation - INFO - cycle_analyse - анализируем зацикливания приборов
2024-07-26 15:37:02,621 - base_installation - INFO - cycle_analyse - 0 row=[False, False, False]
2024-07-26 15:37:02,621 - base_installation - INFO - cycle_analyse - 1 row=['SR830_1 ch-1_meas do_operation', False, False]
2024-07-26 15:37:02,622 - base_installation - INFO - cycle_analyse - row=[False, False, False]
2024-07-26 15:37:02,622 - base_installation - INFO - cycle_analyse - row=['SR830_1 ch-1_meas do_operation', False, False]
2024-07-26 15:37:02,622 - base_installation - INFO - cycle_analyse - анализируем зацикливания приборов
2024-07-26 15:37:02,623 - base_installation - INFO - cycle_analyse - 0 row=[False, False, False]
2024-07-26 15:37:02,623 - base_installation - INFO - cycle_analyse - 1 row=['SR830_1 ch-1_meas do_operation', False, False]
2024-07-26 15:37:02,623 - base_installation - INFO - cycle_analyse - row=[False, False, False]
2024-07-26 15:37:02,624 - base_installation - INFO - cycle_analyse - row=['SR830_1 ch-1_meas do_operation', False, False]
2024-07-26 15:38:31,666 - __main__ - INFO - __init__ - запуск установки
2024-07-26 15:38:59,686 - base_installation - INFO - cycle_analyse - анализируем зацикливания приборов
2024-07-26 15:38:59,686 - base_installation - INFO - cycle_analyse - 0 row=[False, False, False]
2024-07-26 15:38:59,686 - base_installation - INFO - cycle_analyse - 1 row=['SR830_1 ch-1_meas do_operation', False, False]
2024-07-26 15:38:59,686 - base_installation - INFO - cycle_analyse - row=[False, False, False]
2024-07-26 15:38:59,686 - base_installation - INFO - cycle_analyse - row=['SR830_1 ch-1_meas do_operation', False, False]
2024-07-26 15:38:59,771 - base_installation - INFO - cycle_analyse - анализируем зацикливания приборов
2024-07-26 15:38:59,771 - base_installation - INFO - cycle_analyse - 0 row=[False, False, False]
2024-07-26 15:38:59,772 - base_installation - INFO - cycle_analyse - 1 row=['SR830_1 ch-1_meas do_operation', False, False]
2024-07-26 15:38:59,772 - base_installation - INFO - cycle_analyse - row=[False, False, False]
2024-07-26 15:38:59,772 - base_installation - INFO - cycle_analyse - row=['SR830_1 ch-1_meas do_operation', False, False]
2024-07-26 15:38:59,773 - base_installation - INFO - cycle_analyse - анализируем зацикливания приборов
2024-07-26 15:38:59,773 - base_installation - INFO - cycle_analyse - 0 row=[False, False, False]
2024-07-26 15:38:59,773 - base_installation - INFO - cycle_analyse - 1 row=['SR830_1 ch-1_meas do_operation', False, False]
2024-07-26 15:38:59,774 - base_installation - INFO - cycle_analyse - row=[False, False, False]
2024-07-26 15:38:59,774 - base_installation - INFO - cycle_analyse - row=['SR830_1 ch-1_meas do_operation', False, False]
2024-07-26 15:39:09,855 - base_installation - INFO - cycle_analyse - анализируем зацикливания приборов
2024-07-26 15:39:09,856 - base_installation - INFO - cycle_analyse - 0 row=[False, False, False]
2024-07-26 15:39:09,856 - base_installation - INFO - cycle_analyse - 1 row=['SR830_1 ch-1_meas do_operation', False, False]
2024-07-26 15:39:09,857 - base_installation - INFO - cycle_analyse - row=[False, False, False]
2024-07-26 15:39:09,857 - base_installation - INFO - cycle_analyse - row=['SR830_1 ch-1_meas do_operation', False, False]
2024-07-26 15:39:09,942 - base_installation - INFO - cycle_analyse - анализируем зацикливания приборов
2024-07-26 15:39:09,943 - base_installation - INFO - cycle_analyse - 0 row=[False, False, False]
2024-07-26 15:39:09,944 - base_installation - INFO - cycle_analyse - 1 row=['SR830_1 ch-1_meas do_operation', False, False]
2024-07-26 15:39:09,944 - base_installation - INFO - cycle_analyse - row=[False, False, False]
2024-07-26 15:39:09,944 - base_installation - INFO - cycle_analyse - row=['SR830_1 ch-1_meas do_operation', False, False]
2024-07-26 15:39:09,945 - base_installation - INFO - cycle_analyse - анализируем зацикливания приборов
2024-07-26 15:39:09,945 - base_installation - INFO - cycle_analyse - 0 row=[False, False, False]
2024-07-26 15:39:09,945 - base_installation - INFO - cycle_analyse - 1 row=['SR830_1 ch-1_meas do_operation', False, False]
2024-07-26 15:39:09,945 - base_installation - INFO - cycle_analyse - row=[False, False, False]
2024-07-26 15:39:09,946 - base_installation - INFO - cycle_analyse - row=['SR830_1 ch-1_meas do_operation', False, False]
2024-07-26 15:39:11,776 - base_installation - INFO - cycle_analyse - анализируем зацикливания приборов
2024-07-26 15:39:11,778 - base_installation - INFO - cycle_analyse - 0 row=[False, False, False]
2024-07-26 15:39:11,778 - base_installation - INFO - cycle_analyse - 1 row=['SR830_1 ch-1_meas do_operation', False, False]
2024-07-26 15:39:11,779 - base_installation - INFO - cycle_analyse - row=[False, False, False]
2024-07-26 15:39:11,780 - base_installation - INFO - cycle_analyse - row=['SR830_1 ch-1_meas do_operation', False, False]
2024-07-26 15:39:11,781 - base_installation - INFO - cycle_analyse - анализируем зацикливания приборов
2024-07-26 15:39:11,782 - base_installation - INFO - cycle_analyse - 0 row=[False, False, False]
2024-07-26 15:39:11,782 - base_installation - INFO - cycle_analyse - 1 row=['SR830_1 ch-1_meas do_operation', False, False]
2024-07-26 15:39:11,782 - base_installation - INFO - cycle_analyse - row=[False, False, False]
2024-07-26 15:39:11,783 - base_installation - INFO - cycle_analyse - row=['SR830_1 ch-1_meas do_operation', False, False]
2024-07-26 15:39:17,359 - base_installation - INFO - cycle_analyse - анализируем зацикливания приборов
2024-07-26 15:39:17,359 - base_installation - INFO - cycle_analyse - 0 row=[False, False, False]
2024-07-26 15:39:17,359 - base_installation - INFO - cycle_analyse - 1 row=['SR830_1 ch-1_meas do_operation', False, False]
2024-07-26 15:39:17,360 - base_installation - INFO - cycle_analyse - row=[False, False, False]
2024-07-26 15:39:17,360 - base_installation - INFO - cycle_analyse - row=['SR830_1 ch-1_meas do_operation', False, False]
2024-07-26 15:39:17,444 - base_installation - INFO - cycle_analyse - анализируем зацикливания приборов
2024-07-26 15:39:17,445 - base_installation - INFO - cycle_analyse - 0 row=[False, False, False]
2024-07-26 15:39:17,445 - base_installation - INFO - cycle_analyse - 1 row=['SR830_1 ch-1_meas do_operation', False, False]
2024-07-26 15:39:17,446 - base_installation - INFO - cycle_analyse - row=[False, False, False]
2024-07-26 15:39:17,446 - base_installation - INFO - cycle_analyse - row=['SR830_1 ch-1_meas do_operation', False, False]
2024-07-26 15:39:17,446 - base_installation - INFO - cycle_analyse - анализируем зацикливания приборов
2024-07-26 15:39:17,447 - base_installation - INFO - cycle_analyse - 0 row=[False, False, False]
2024-07-26 15:39:17,447 - base_installation - INFO - cycle_analyse - 1 row=['SR830_1 ch-1_meas do_operation', False, False]
2024-07-26 15:39:17,447 - base_installation - INFO - cycle_analyse - row=[False, False, False]
2024-07-26 15:39:17,447 - base_installation - INFO - cycle_analyse - row=['SR830_1 ch-1_meas do_operation', False, False]
2024-07-26 15:48:01,969 - __main__ - INFO - __init__ - запуск установки
2024-07-26 15:48:11,928 - base_installation - INFO - cycle_analyse - анализируем зацикливания приборов
2024-07-26 15:48:11,929 - base_installation - INFO - cycle_analyse - 0 row=[False, False, False]
2024-07-26 15:48:11,930 - base_installation - INFO - cycle_analyse - 1 row=['SR830_1 ch-1_meas do_operation', False, False]
2024-07-26 15:48:11,930 - base_installation - INFO - cycle_analyse - row=[False, False, False]
2024-07-26 15:48:11,930 - base_installation - INFO - cycle_analyse - row=['SR830_1 ch-1_meas do_operation', False, False]
2024-07-26 15:48:12,015 - base_installation - INFO - cycle_analyse - анализируем зацикливания приборов
2024-07-26 15:48:12,016 - base_installation - INFO - cycle_analyse - 0 row=[False, False, False]
2024-07-26 15:48:12,017 - base_installation - INFO - cycle_analyse - 1 row=['SR830_1 ch-1_meas do_operation', False, False]
2024-07-26 15:48:12,017 - base_installation - INFO - cycle_analyse - row=[False, False, False]
2024-07-26 15:48:12,018 - base_installation - INFO - cycle_analyse - row=['SR830_1 ch-1_meas do_operation', False, False]
2024-07-26 15:48:12,019 - base_installation - INFO - cycle_analyse - анализируем зацикливания приборов
2024-07-26 15:48:12,019 - base_installation - INFO - cycle_analyse - 0 row=[False, False, False]
2024-07-26 15:48:12,020 - base_installation - INFO - cycle_analyse - 1 row=['SR830_1 ch-1_meas do_operation', False, False]
2024-07-26 15:48:12,020 - base_installation - INFO - cycle_analyse - row=[False, False, False]
2024-07-26 15:48:12,021 - base_installation - INFO - cycle_analyse - row=['SR830_1 ch-1_meas do_operation', False, False]
2024-07-26 15:48:13,001 - base_installation - INFO - cycle_analyse - анализируем зацикливания приборов
2024-07-26 15:48:13,002 - base_installation - INFO - cycle_analyse - 0 row=[False, False, False]
2024-07-26 15:48:13,002 - base_installation - INFO - cycle_analyse - 1 row=['SR830_1 ch-1_meas do_operation', False, False]
2024-07-26 15:48:13,003 - base_installation - INFO - cycle_analyse - row=[False, False, False]
2024-07-26 15:48:13,003 - base_installation - INFO - cycle_analyse - row=['SR830_1 ch-1_meas do_operation', False, False]
2024-07-26 15:48:13,089 - base_installation - INFO - cycle_analyse - анализируем зацикливания приборов
2024-07-26 15:48:13,090 - base_installation - INFO - cycle_analyse - 0 row=[False, False, False]
2024-07-26 15:48:13,091 - base_installation - INFO - cycle_analyse - 1 row=['SR830_1 ch-1_meas do_operation', False, False]
2024-07-26 15:48:13,091 - base_installation - INFO - cycle_analyse - row=[False, False, False]
2024-07-26 15:48:13,092 - base_installation - INFO - cycle_analyse - row=['SR830_1 ch-1_meas do_operation', False, False]
2024-07-26 15:48:13,093 - base_installation - INFO - cycle_analyse - анализируем зацикливания приборов
2024-07-26 15:48:13,093 - base_installation - INFO - cycle_analyse - 0 row=[False, False, False]
2024-07-26 15:48:13,093 - base_installation - INFO - cycle_analyse - 1 row=['SR830_1 ch-1_meas do_operation', False, False]
2024-07-26 15:48:13,094 - base_installation - INFO - cycle_analyse - row=[False, False, False]
2024-07-26 15:48:13,094 - base_installation - INFO - cycle_analyse - row=['SR830_1 ch-1_meas do_operation', False, False]
2024-07-26 15:48:14,927 - base_installation - INFO - cycle_analyse - анализируем зацикливания приборов
2024-07-26 15:48:14,928 - base_installation - INFO - cycle_analyse - 0 row=[False, False, False]
2024-07-26 15:48:14,929 - base_installation - INFO - cycle_analyse - 1 row=['SR830_1 ch-1_meas do_operation', False, False]
2024-07-26 15:48:14,930 - base_installation - INFO - cycle_analyse - row=[False, False, False]
2024-07-26 15:48:14,930 - base_installation - INFO - cycle_analyse - row=['SR830_1 ch-1_meas do_operation', False, False]
2024-07-26 15:48:14,931 - base_installation - INFO - cycle_analyse - анализируем зацикливания приборов
2024-07-26 15:48:14,931 - base_installation - INFO - cycle_analyse - 0 row=[False, False, False]
2024-07-26 15:48:14,932 - base_installation - INFO - cycle_analyse - 1 row=['SR830_1 ch-1_meas do_operation', False, False]
2024-07-26 15:48:14,932 - base_installation - INFO - cycle_analyse - row=[False, False, False]
2024-07-26 15:48:14,933 - base_installation - INFO - cycle_analyse - row=['SR830_1 ch-1_meas do_operation', False, False]
2024-07-26 16:02:01,494 - __main__ - INFO - __init__ - запуск установки
2024-07-26 16:02:20,098 - base_installation - INFO - cycle_analyse - анализируем зацикливания приборов
2024-07-26 16:02:20,099 - base_installation - INFO - cycle_analyse - 0 row=[False, False, False]
2024-07-26 16:02:20,100 - base_installation - INFO - cycle_analyse - 1 row=['SR830_1 ch-1_meas end_work', False, False]
2024-07-26 16:02:20,101 - base_installation - INFO - cycle_analyse - row=[False, False, False]
2024-07-26 16:02:20,101 - base_installation - INFO - cycle_analyse - row=['SR830_1 ch-1_meas end_work', False, False]
2024-07-26 16:02:20,187 - base_installation - INFO - cycle_analyse - анализируем зацикливания приборов
2024-07-26 16:02:20,188 - base_installation - INFO - cycle_analyse - 0 row=[False, False, False]
2024-07-26 16:02:20,188 - base_installation - INFO - cycle_analyse - 1 row=['SR830_1 ch-1_meas end_work', False, False]
2024-07-26 16:02:20,189 - base_installation - INFO - cycle_analyse - row=[False, False, False]
2024-07-26 16:02:20,189 - base_installation - INFO - cycle_analyse - row=['SR830_1 ch-1_meas end_work', False, False]
2024-07-26 16:02:20,189 - base_installation - INFO - cycle_analyse - анализируем зацикливания приборов
2024-07-26 16:02:20,190 - base_installation - INFO - cycle_analyse - 0 row=[False, False, False]
2024-07-26 16:02:20,190 - base_installation - INFO - cycle_analyse - 1 row=['SR830_1 ch-1_meas end_work', False, False]
2024-07-26 16:02:20,191 - base_installation - INFO - cycle_analyse - row=[False, False, False]
2024-07-26 16:02:20,191 - base_installation - INFO - cycle_analyse - row=['SR830_1 ch-1_meas end_work', False, False]
2024-07-26 16:02:21,782 - base_installation - INFO - cycle_analyse - анализируем зацикливания приборов
2024-07-26 16:02:21,783 - base_installation - INFO - cycle_analyse - 0 row=[False, False, False]
2024-07-26 16:02:21,784 - base_installation - INFO - cycle_analyse - 1 row=['SR830_1 ch-1_meas end_work', False, False]
2024-07-26 16:02:21,785 - base_installation - INFO - cycle_analyse - row=[False, False, False]
2024-07-26 16:02:21,785 - base_installation - INFO - cycle_analyse - row=['SR830_1 ch-1_meas end_work', False, False]
2024-07-26 16:02:21,869 - base_installation - INFO - cycle_analyse - анализируем зацикливания приборов
2024-07-26 16:02:21,870 - base_installation - INFO - cycle_analyse - 0 row=[False, False, False]
2024-07-26 16:02:21,870 - base_installation - INFO - cycle_analyse - 1 row=['SR830_1 ch-1_meas end_work', False, False]
2024-07-26 16:02:21,871 - base_installation - INFO - cycle_analyse - row=[False, False, False]
2024-07-26 16:02:21,871 - base_installation - INFO - cycle_analyse - row=['SR830_1 ch-1_meas end_work', False, False]
2024-07-26 16:02:21,872 - base_installation - INFO - cycle_analyse - анализируем зацикливания приборов
2024-07-26 16:02:21,872 - base_installation - INFO - cycle_analyse - 0 row=[False, False, False]
2024-07-26 16:02:21,872 - base_installation - INFO - cycle_analyse - 1 row=['SR830_1 ch-1_meas end_work', False, False]
2024-07-26 16:02:21,873 - base_installation - INFO - cycle_analyse - row=[False, False, False]
2024-07-26 16:02:21,874 - base_installation - INFO - cycle_analyse - row=['SR830_1 ch-1_meas end_work', False, False]
2024-07-26 16:02:23,710 - base_installation - INFO - cycle_analyse - анализируем зацикливания приборов
2024-07-26 16:02:23,712 - base_installation - INFO - cycle_analyse - 0 row=[False, False, False]
2024-07-26 16:02:23,712 - base_installation - INFO - cycle_analyse - 1 row=['SR830_1 ch-1_meas end_work', False, False]
2024-07-26 16:02:23,713 - base_installation - INFO - cycle_analyse - row=[False, False, False]
2024-07-26 16:02:23,713 - base_installation - INFO - cycle_analyse - row=['SR830_1 ch-1_meas end_work', False, False]
2024-07-26 16:02:23,714 - base_installation - INFO - cycle_analyse - анализируем зацикливания приборов
2024-07-26 16:02:23,715 - base_installation - INFO - cycle_analyse - 0 row=[False, False, False]
2024-07-26 16:02:23,715 - base_installation - INFO - cycle_analyse - 1 row=['SR830_1 ch-1_meas end_work', False, False]
2024-07-26 16:02:23,715 - base_installation - INFO - cycle_analyse - row=[False, False, False]
2024-07-26 16:02:23,716 - base_installation - INFO - cycle_analyse - row=['SR830_1 ch-1_meas end_work', False, False]
2024-07-26 16:03:06,487 - __main__ - INFO - __init__ - запуск установки
2024-07-26 16:03:24,105 - base_installation - INFO - cycle_analyse - анализируем зацикливания приборов
2024-07-26 16:03:24,105 - base_installation - INFO - cycle_analyse - 0 row=[False, False, False]
2024-07-26 16:03:24,105 - base_installation - INFO - cycle_analyse - 1 row=['SR830_1 ch-1_meas end_work', False, False]
2024-07-26 16:03:24,106 - base_installation - INFO - cycle_analyse - row=[False, False, False]
2024-07-26 16:03:24,106 - base_installation - INFO - cycle_analyse - row=['SR830_1 ch-1_meas end_work', False, False]
2024-07-26 16:03:24,191 - base_installation - INFO - cycle_analyse - анализируем зацикливания приборов
2024-07-26 16:03:24,192 - base_installation - INFO - cycle_analyse - 0 row=[False, False, False]
2024-07-26 16:03:24,192 - base_installation - INFO - cycle_analyse - 1 row=['SR830_1 ch-1_meas end_work', False, False]
2024-07-26 16:03:24,193 - base_installation - INFO - cycle_analyse - row=[False, False, False]
2024-07-26 16:03:24,193 - base_installation - INFO - cycle_analyse - row=['SR830_1 ch-1_meas end_work', False, False]
2024-07-26 16:03:24,194 - base_installation - INFO - cycle_analyse - анализируем зацикливания приборов
2024-07-26 16:03:24,194 - base_installation - INFO - cycle_analyse - 0 row=[False, False, False]
2024-07-26 16:03:24,194 - base_installation - INFO - cycle_analyse - 1 row=['SR830_1 ch-1_meas end_work', False, False]
2024-07-26 16:03:24,195 - base_installation - INFO - cycle_analyse - row=[False, False, False]
2024-07-26 16:03:24,196 - base_installation - INFO - cycle_analyse - row=['SR830_1 ch-1_meas end_work', False, False]
2024-07-26 16:03:25,435 - base_installation - INFO - cycle_analyse - анализируем зацикливания приборов
2024-07-26 16:03:25,436 - base_installation - INFO - cycle_analyse - 0 row=[False, False, False]
2024-07-26 16:03:25,437 - base_installation - INFO - cycle_analyse - 1 row=['SR830_1 ch-1_meas end_work', False, False]
2024-07-26 16:03:25,437 - base_installation - INFO - cycle_analyse - row=[False, False, False]
2024-07-26 16:03:25,437 - base_installation - INFO - cycle_analyse - row=['SR830_1 ch-1_meas end_work', False, False]
2024-07-26 16:03:25,522 - base_installation - INFO - cycle_analyse - анализируем зацикливания приборов
2024-07-26 16:03:25,523 - base_installation - INFO - cycle_analyse - 0 row=[False, False, False]
2024-07-26 16:03:25,524 - base_installation - INFO - cycle_analyse - 1 row=['SR830_1 ch-1_meas end_work', False, False]
2024-07-26 16:03:25,524 - base_installation - INFO - cycle_analyse - row=[False, False, False]
2024-07-26 16:03:25,525 - base_installation - INFO - cycle_analyse - row=['SR830_1 ch-1_meas end_work', False, False]
2024-07-26 16:03:25,526 - base_installation - INFO - cycle_analyse - анализируем зацикливания приборов
2024-07-26 16:03:25,526 - base_installation - INFO - cycle_analyse - 0 row=[False, False, False]
2024-07-26 16:03:25,526 - base_installation - INFO - cycle_analyse - 1 row=['SR830_1 ch-1_meas end_work', False, False]
2024-07-26 16:03:25,527 - base_installation - INFO - cycle_analyse - row=[False, False, False]
2024-07-26 16:03:25,527 - base_installation - INFO - cycle_analyse - row=['SR830_1 ch-1_meas end_work', False, False]
2024-07-26 16:03:27,363 - base_installation - INFO - cycle_analyse - анализируем зацикливания приборов
2024-07-26 16:03:27,364 - base_installation - INFO - cycle_analyse - 0 row=[False, False, False]
2024-07-26 16:03:27,365 - base_installation - INFO - cycle_analyse - 1 row=['SR830_1 ch-1_meas end_work', False, False]
2024-07-26 16:03:27,366 - base_installation - INFO - cycle_analyse - row=[False, False, False]
2024-07-26 16:03:27,367 - base_installation - INFO - cycle_analyse - row=['SR830_1 ch-1_meas end_work', False, False]
2024-07-26 16:03:27,368 - base_installation - INFO - cycle_analyse - анализируем зацикливания приборов
2024-07-26 16:03:27,368 - base_installation - INFO - cycle_analyse - 0 row=[False, False, False]
2024-07-26 16:03:27,369 - base_installation - INFO - cycle_analyse - 1 row=['SR830_1 ch-1_meas end_work', False, False]
2024-07-26 16:03:27,370 - base_installation - INFO - cycle_analyse - row=[False, False, False]
2024-07-26 16:03:27,370 - base_installation - INFO - cycle_analyse - row=['SR830_1 ch-1_meas end_work', False, False]
2024-07-26 16:04:34,199 - base_installation - INFO - cycle_analyse - анализируем зацикливания приборов
2024-07-26 16:04:34,200 - base_installation - INFO - cycle_analyse - 0 row=[False, False, False]
2024-07-26 16:04:34,201 - base_installation - INFO - cycle_analyse - 1 row=['SR830_1 ch-1_meas end_work', False, False]
2024-07-26 16:04:34,201 - base_installation - INFO - cycle_analyse - row=[False, False, False]
2024-07-26 16:04:34,201 - base_installation - INFO - cycle_analyse - row=['SR830_1 ch-1_meas end_work', False, False]
2024-07-26 16:04:34,287 - base_installation - INFO - cycle_analyse - анализируем зацикливания приборов
2024-07-26 16:04:34,287 - base_installation - INFO - cycle_analyse - 0 row=[False, False, False]
2024-07-26 16:04:34,288 - base_installation - INFO - cycle_analyse - 1 row=['SR830_1 ch-1_meas end_work', False, False]
2024-07-26 16:04:34,288 - base_installation - INFO - cycle_analyse - row=[False, False, False]
2024-07-26 16:04:34,289 - base_installation - INFO - cycle_analyse - row=['SR830_1 ch-1_meas end_work', False, False]
2024-07-26 16:04:34,289 - base_installation - INFO - cycle_analyse - анализируем зацикливания приборов
2024-07-26 16:04:34,290 - base_installation - INFO - cycle_analyse - 0 row=[False, False, False]
2024-07-26 16:04:34,290 - base_installation - INFO - cycle_analyse - 1 row=['SR830_1 ch-1_meas end_work', False, False]
2024-07-26 16:04:34,291 - base_installation - INFO - cycle_analyse - row=[False, False, False]
2024-07-26 16:04:34,291 - base_installation - INFO - cycle_analyse - row=['SR830_1 ch-1_meas end_work', False, False]
2024-07-26 16:04:40,873 - base_installation - INFO - cycle_analyse - анализируем зацикливания приборов
2024-07-26 16:04:40,874 - base_installation - INFO - cycle_analyse - 0 row=[False, False, False]
2024-07-26 16:04:40,874 - base_installation - INFO - cycle_analyse - 1 row=['SR830_1 ch-1_meas end_work', False, False]
2024-07-26 16:04:40,875 - base_installation - INFO - cycle_analyse - row=[False, False, False]
2024-07-26 16:04:40,875 - base_installation - INFO - cycle_analyse - row=['SR830_1 ch-1_meas end_work', False, False]
2024-07-26 16:04:40,960 - base_installation - INFO - cycle_analyse - анализируем зацикливания приборов
2024-07-26 16:04:40,961 - base_installation - INFO - cycle_analyse - 0 row=[False, False, False]
2024-07-26 16:04:40,961 - base_installation - INFO - cycle_analyse - 1 row=['SR830_1 ch-1_meas end_work', False, False]
2024-07-26 16:04:40,962 - base_installation - INFO - cycle_analyse - row=[False, False, False]
2024-07-26 16:04:40,962 - base_installation - INFO - cycle_analyse - row=['SR830_1 ch-1_meas end_work', False, False]
2024-07-26 16:04:40,962 - base_installation - INFO - cycle_analyse - анализируем зацикливания приборов
2024-07-26 16:04:40,963 - base_installation - INFO - cycle_analyse - 0 row=[False, False, False]
2024-07-26 16:04:40,963 - base_installation - INFO - cycle_analyse - 1 row=['SR830_1 ch-1_meas end_work', False, False]
2024-07-26 16:04:40,964 - base_installation - INFO - cycle_analyse - row=[False, False, False]
2024-07-26 16:04:40,964 - base_installation - INFO - cycle_analyse - row=['SR830_1 ch-1_meas end_work', False, False]
2024-07-26 16:04:50,610 - base_installation - INFO - cycle_analyse - анализируем зацикливания приборов
2024-07-26 16:04:50,610 - base_installation - INFO - cycle_analyse - 0 row=[False, False, False]
2024-07-26 16:04:50,611 - base_installation - INFO - cycle_analyse - 1 row=['SR830_1 ch-1_meas end_work', False, False]
2024-07-26 16:04:50,611 - base_installation - INFO - cycle_analyse - row=[False, False, False]
2024-07-26 16:04:50,612 - base_installation - INFO - cycle_analyse - row=['SR830_1 ch-1_meas end_work', False, False]
2024-07-26 16:04:50,696 - base_installation - INFO - cycle_analyse - анализируем зацикливания приборов
2024-07-26 16:04:50,697 - base_installation - INFO - cycle_analyse - 0 row=[False, False, False]
2024-07-26 16:04:50,697 - base_installation - INFO - cycle_analyse - 1 row=['SR830_1 ch-1_meas end_work', False, False]
2024-07-26 16:04:50,698 - base_installation - INFO - cycle_analyse - row=[False, False, False]
2024-07-26 16:04:50,698 - base_installation - INFO - cycle_analyse - row=['SR830_1 ch-1_meas end_work', False, False]
2024-07-26 16:04:50,699 - base_installation - INFO - cycle_analyse - анализируем зацикливания приборов
2024-07-26 16:04:50,700 - base_installation - INFO - cycle_analyse - 0 row=[False, False, False]
2024-07-26 16:04:50,701 - base_installation - INFO - cycle_analyse - 1 row=['SR830_1 ch-1_meas end_work', False, False]
2024-07-26 16:04:50,701 - base_installation - INFO - cycle_analyse - row=[False, False, False]
2024-07-26 16:04:50,702 - base_installation - INFO - cycle_analyse - row=['SR830_1 ch-1_meas end_work', False, False]
2024-07-26 16:04:52,536 - base_installation - INFO - cycle_analyse - анализируем зацикливания приборов
2024-07-26 16:04:52,538 - base_installation - INFO - cycle_analyse - 0 row=[False, False, False]
2024-07-26 16:04:52,539 - base_installation - INFO - cycle_analyse - 1 row=['SR830_1 ch-1_meas end_work', False, False]
2024-07-26 16:04:52,540 - base_installation - INFO - cycle_analyse - row=[False, False, False]
2024-07-26 16:04:52,540 - base_installation - INFO - cycle_analyse - row=['SR830_1 ch-1_meas end_work', False, False]
2024-07-26 16:04:52,541 - base_installation - INFO - cycle_analyse - анализируем зацикливания приборов
2024-07-26 16:04:52,542 - base_installation - INFO - cycle_analyse - 0 row=[False, False, False]
2024-07-26 16:04:52,543 - base_installation - INFO - cycle_analyse - 1 row=['SR830_1 ch-1_meas end_work', False, False]
2024-07-26 16:04:52,543 - base_installation - INFO - cycle_analyse - row=[False, False, False]
2024-07-26 16:04:52,544 - base_installation - INFO - cycle_analyse - row=['SR830_1 ch-1_meas end_work', False, False]
2024-07-26 16:31:08,220 - __main__ - INFO - __init__ - запуск установки
2024-07-26 16:31:41,268 - base_installation - INFO - cycle_analyse - анализируем зацикливания приборов
2024-07-26 16:31:41,269 - base_installation - INFO - cycle_analyse - 0 row=[False, False, False]
2024-07-26 16:31:41,269 - base_installation - INFO - cycle_analyse - 1 row=['SR830_1 ch-1_meas end_work', False, False]
2024-07-26 16:31:41,270 - base_installation - INFO - cycle_analyse - row=[False, False, False]
2024-07-26 16:31:41,270 - base_installation - INFO - cycle_analyse - row=['SR830_1 ch-1_meas end_work', False, False]
2024-07-26 16:31:41,356 - base_installation - INFO - cycle_analyse - анализируем зацикливания приборов
2024-07-26 16:31:41,357 - base_installation - INFO - cycle_analyse - 0 row=[False, False, False]
2024-07-26 16:31:41,357 - base_installation - INFO - cycle_analyse - 1 row=['SR830_1 ch-1_meas end_work', False, False]
2024-07-26 16:31:41,358 - base_installation - INFO - cycle_analyse - row=[False, False, False]
2024-07-26 16:31:41,358 - base_installation - INFO - cycle_analyse - row=['SR830_1 ch-1_meas end_work', False, False]
2024-07-26 16:31:41,359 - base_installation - INFO - cycle_analyse - анализируем зацикливания приборов
2024-07-26 16:31:41,359 - base_installation - INFO - cycle_analyse - 0 row=[False, False, False]
2024-07-26 16:31:41,360 - base_installation - INFO - cycle_analyse - 1 row=['SR830_1 ch-1_meas end_work', False, False]
2024-07-26 16:31:41,360 - base_installation - INFO - cycle_analyse - row=[False, False, False]
2024-07-26 16:31:41,361 - base_installation - INFO - cycle_analyse - row=['SR830_1 ch-1_meas end_work', False, False]
2024-07-26 16:31:42,509 - base_installation - INFO - cycle_analyse - анализируем зацикливания приборов
2024-07-26 16:31:42,509 - base_installation - INFO - cycle_analyse - 0 row=[False, False, False]
2024-07-26 16:31:42,510 - base_installation - INFO - cycle_analyse - 1 row=['SR830_1 ch-1_meas end_work', False, False]
2024-07-26 16:31:42,511 - base_installation - INFO - cycle_analyse - row=[False, False, False]
2024-07-26 16:31:42,511 - base_installation - INFO - cycle_analyse - row=['SR830_1 ch-1_meas end_work', False, False]
2024-07-26 16:31:42,596 - base_installation - INFO - cycle_analyse - анализируем зацикливания приборов
2024-07-26 16:31:42,597 - base_installation - INFO - cycle_analyse - 0 row=[False, False, False]
2024-07-26 16:31:42,597 - base_installation - INFO - cycle_analyse - 1 row=['SR830_1 ch-1_meas end_work', False, False]
2024-07-26 16:31:42,598 - base_installation - INFO - cycle_analyse - row=[False, False, False]
2024-07-26 16:31:42,598 - base_installation - INFO - cycle_analyse - row=['SR830_1 ch-1_meas end_work', False, False]
2024-07-26 16:31:42,599 - base_installation - INFO - cycle_analyse - анализируем зацикливания приборов
2024-07-26 16:31:42,599 - base_installation - INFO - cycle_analyse - 0 row=[False, False, False]
2024-07-26 16:31:42,599 - base_installation - INFO - cycle_analyse - 1 row=['SR830_1 ch-1_meas end_work', False, False]
2024-07-26 16:31:42,600 - base_installation - INFO - cycle_analyse - row=[False, False, False]
2024-07-26 16:31:42,600 - base_installation - INFO - cycle_analyse - row=['SR830_1 ch-1_meas end_work', False, False]
2024-07-26 16:31:44,437 - base_installation - INFO - cycle_analyse - анализируем зацикливания приборов
2024-07-26 16:31:44,437 - base_installation - INFO - cycle_analyse - 0 row=[False, False, False]
2024-07-26 16:31:44,438 - base_installation - INFO - cycle_analyse - 1 row=['SR830_1 ch-1_meas end_work', False, False]
2024-07-26 16:31:44,438 - base_installation - INFO - cycle_analyse - row=[False, False, False]
2024-07-26 16:31:44,439 - base_installation - INFO - cycle_analyse - row=['SR830_1 ch-1_meas end_work', False, False]
2024-07-26 16:31:44,439 - base_installation - INFO - cycle_analyse - анализируем зацикливания приборов
2024-07-26 16:31:44,440 - base_installation - INFO - cycle_analyse - 0 row=[False, False, False]
2024-07-26 16:31:44,440 - base_installation - INFO - cycle_analyse - 1 row=['SR830_1 ch-1_meas end_work', False, False]
2024-07-26 16:31:44,441 - base_installation - INFO - cycle_analyse - row=[False, False, False]
2024-07-26 16:31:44,441 - base_installation - INFO - cycle_analyse - row=['SR830_1 ch-1_meas end_work', False, False]
2024-07-26 16:33:00,551 - __main__ - INFO - __init__ - запуск установки
2024-07-26 16:33:12,652 - base_installation - INFO - cycle_analyse - анализируем зацикливания приборов
2024-07-26 16:33:12,653 - base_installation - INFO - cycle_analyse - 0 row=[False, False, False]
2024-07-26 16:33:12,654 - base_installation - INFO - cycle_analyse - 1 row=['SR830_1 ch-1_meas end_work', False, False]
2024-07-26 16:33:12,655 - base_installation - INFO - cycle_analyse - row=[False, False, False]
2024-07-26 16:33:12,655 - base_installation - INFO - cycle_analyse - row=['SR830_1 ch-1_meas end_work', False, False]
2024-07-26 16:33:12,741 - base_installation - INFO - cycle_analyse - анализируем зацикливания приборов
2024-07-26 16:33:12,742 - base_installation - INFO - cycle_analyse - 0 row=[False, False, False]
2024-07-26 16:33:12,743 - base_installation - INFO - cycle_analyse - 1 row=['SR830_1 ch-1_meas end_work', False, False]
2024-07-26 16:33:12,743 - base_installation - INFO - cycle_analyse - row=[False, False, False]
2024-07-26 16:33:12,743 - base_installation - INFO - cycle_analyse - row=['SR830_1 ch-1_meas end_work', False, False]
2024-07-26 16:33:12,744 - base_installation - INFO - cycle_analyse - анализируем зацикливания приборов
2024-07-26 16:33:12,745 - base_installation - INFO - cycle_analyse - 0 row=[False, False, False]
2024-07-26 16:33:12,745 - base_installation - INFO - cycle_analyse - 1 row=['SR830_1 ch-1_meas end_work', False, False]
2024-07-26 16:33:12,746 - base_installation - INFO - cycle_analyse - row=[False, False, False]
2024-07-26 16:33:12,746 - base_installation - INFO - cycle_analyse - row=['SR830_1 ch-1_meas end_work', False, False]
2024-07-26 16:33:14,276 - base_installation - INFO - cycle_analyse - анализируем зацикливания приборов
2024-07-26 16:33:14,277 - base_installation - INFO - cycle_analyse - 0 row=[False, False, False]
2024-07-26 16:33:14,278 - base_installation - INFO - cycle_analyse - 1 row=['SR830_1 ch-1_meas end_work', False, False]
2024-07-26 16:33:14,278 - base_installation - INFO - cycle_analyse - row=[False, False, False]
2024-07-26 16:33:14,279 - base_installation - INFO - cycle_analyse - row=['SR830_1 ch-1_meas end_work', False, False]
2024-07-26 16:33:14,363 - base_installation - INFO - cycle_analyse - анализируем зацикливания приборов
2024-07-26 16:33:14,364 - base_installation - INFO - cycle_analyse - 0 row=[False, False, False]
2024-07-26 16:33:14,365 - base_installation - INFO - cycle_analyse - 1 row=['SR830_1 ch-1_meas end_work', False, False]
2024-07-26 16:33:14,365 - base_installation - INFO - cycle_analyse - row=[False, False, False]
2024-07-26 16:33:14,365 - base_installation - INFO - cycle_analyse - row=['SR830_1 ch-1_meas end_work', False, False]
2024-07-26 16:33:14,366 - base_installation - INFO - cycle_analyse - анализируем зацикливания приборов
2024-07-26 16:33:14,366 - base_installation - INFO - cycle_analyse - 0 row=[False, False, False]
2024-07-26 16:33:14,366 - base_installation - INFO - cycle_analyse - 1 row=['SR830_1 ch-1_meas end_work', False, False]
2024-07-26 16:33:14,367 - base_installation - INFO - cycle_analyse - row=[False, False, False]
2024-07-26 16:33:14,367 - base_installation - INFO - cycle_analyse - row=['SR830_1 ch-1_meas end_work', False, False]
2024-07-26 16:33:16,201 - base_installation - INFO - cycle_analyse - анализируем зацикливания приборов
2024-07-26 16:33:16,202 - base_installation - INFO - cycle_analyse - 0 row=[False, False, False]
2024-07-26 16:33:16,203 - base_installation - INFO - cycle_analyse - 1 row=['SR830_1 ch-1_meas end_work', False, False]
2024-07-26 16:33:16,203 - base_installation - INFO - cycle_analyse - row=[False, False, False]
2024-07-26 16:33:16,204 - base_installation - INFO - cycle_analyse - row=['SR830_1 ch-1_meas end_work', False, False]
2024-07-26 16:33:16,205 - base_installation - INFO - cycle_analyse - анализируем зацикливания приборов
2024-07-26 16:33:16,206 - base_installation - INFO - cycle_analyse - 0 row=[False, False, False]
2024-07-26 16:33:16,207 - base_installation - INFO - cycle_analyse - 1 row=['SR830_1 ch-1_meas end_work', False, False]
2024-07-26 16:33:16,207 - base_installation - INFO - cycle_analyse - row=[False, False, False]
2024-07-26 16:33:16,208 - base_installation - INFO - cycle_analyse - row=['SR830_1 ch-1_meas end_work', False, False]
2024-07-26 16:33:28,932 - base_installation - INFO - cycle_analyse - анализируем зацикливания приборов
2024-07-26 16:33:28,933 - base_installation - INFO - cycle_analyse - 0 row=[False, False, False]
2024-07-26 16:33:28,933 - base_installation - INFO - cycle_analyse - 1 row=['SR830_1 ch-1_meas end_work', False, False]
2024-07-26 16:33:28,934 - base_installation - INFO - cycle_analyse - row=[False, False, False]
2024-07-26 16:33:28,934 - base_installation - INFO - cycle_analyse - row=['SR830_1 ch-1_meas end_work', False, False]
2024-07-26 16:33:29,019 - base_installation - INFO - cycle_analyse - анализируем зацикливания приборов
2024-07-26 16:33:29,020 - base_installation - INFO - cycle_analyse - 0 row=[False, False, False]
2024-07-26 16:33:29,020 - base_installation - INFO - cycle_analyse - 1 row=['SR830_1 ch-1_meas end_work', False, False]
2024-07-26 16:33:29,020 - base_installation - INFO - cycle_analyse - row=[False, False, False]
2024-07-26 16:33:29,021 - base_installation - INFO - cycle_analyse - row=['SR830_1 ch-1_meas end_work', False, False]
2024-07-26 16:33:29,021 - base_installation - INFO - cycle_analyse - анализируем зацикливания приборов
2024-07-26 16:33:29,022 - base_installation - INFO - cycle_analyse - 0 row=[False, False, False]
2024-07-26 16:33:29,022 - base_installation - INFO - cycle_analyse - 1 row=['SR830_1 ch-1_meas end_work', False, False]
2024-07-26 16:33:29,023 - base_installation - INFO - cycle_analyse - row=[False, False, False]
2024-07-26 16:33:29,023 - base_installation - INFO - cycle_analyse - row=['SR830_1 ch-1_meas end_work', False, False]
2024-07-26 16:33:35,044 - base_installation - INFO - cycle_analyse - анализируем зацикливания приборов
2024-07-26 16:33:35,045 - base_installation - INFO - cycle_analyse - 0 row=[False, False, False]
2024-07-26 16:33:35,045 - base_installation - INFO - cycle_analyse - 1 row=['SR830_1 ch-1_meas end_work', False, False]
2024-07-26 16:33:35,045 - base_installation - INFO - cycle_analyse - row=[False, False, False]
2024-07-26 16:33:35,046 - base_installation - INFO - cycle_analyse - row=['SR830_1 ch-1_meas end_work', False, False]
2024-07-26 16:33:35,131 - base_installation - INFO - cycle_analyse - анализируем зацикливания приборов
2024-07-26 16:33:35,132 - base_installation - INFO - cycle_analyse - 0 row=[False, False, False]
2024-07-26 16:33:35,132 - base_installation - INFO - cycle_analyse - 1 row=['SR830_1 ch-1_meas end_work', False, False]
2024-07-26 16:33:35,133 - base_installation - INFO - cycle_analyse - row=[False, False, False]
2024-07-26 16:33:35,133 - base_installation - INFO - cycle_analyse - row=['SR830_1 ch-1_meas end_work', False, False]
2024-07-26 16:33:35,134 - base_installation - INFO - cycle_analyse - анализируем зацикливания приборов
2024-07-26 16:33:35,134 - base_installation - INFO - cycle_analyse - 0 row=[False, False, False]
2024-07-26 16:33:35,134 - base_installation - INFO - cycle_analyse - 1 row=['SR830_1 ch-1_meas end_work', False, False]
2024-07-26 16:33:35,135 - base_installation - INFO - cycle_analyse - row=[False, False, False]
2024-07-26 16:33:35,135 - base_installation - INFO - cycle_analyse - row=['SR830_1 ch-1_meas end_work', False, False]
2024-07-26 16:33:37,470 - base_installation - INFO - cycle_analyse - анализируем зацикливания приборов
2024-07-26 16:33:37,471 - base_installation - INFO - cycle_analyse - 0 row=[False, False, False]
2024-07-26 16:33:37,471 - base_installation - INFO - cycle_analyse - 1 row=['SR830_1 ch-1_meas end_work', False, False]
2024-07-26 16:33:37,472 - base_installation - INFO - cycle_analyse - row=[False, False, False]
2024-07-26 16:33:37,472 - base_installation - INFO - cycle_analyse - row=['SR830_1 ch-1_meas end_work', False, False]
2024-07-26 16:33:44,913 - base_installation - INFO - cycle_analyse - анализируем зацикливания приборов
2024-07-26 16:33:44,913 - base_installation - INFO - cycle_analyse - 0 row=[False, False, False]
2024-07-26 16:33:44,914 - base_installation - INFO - cycle_analyse - 1 row=['SR830_1 ch-1_meas end_work', False, False]
2024-07-26 16:33:44,915 - base_installation - INFO - cycle_analyse - row=[False, False, False]
2024-07-26 16:33:44,915 - base_installation - INFO - cycle_analyse - row=['SR830_1 ch-1_meas end_work', False, False]
2024-07-26 16:33:45,000 - base_installation - INFO - cycle_analyse - анализируем зацикливания приборов
2024-07-26 16:33:45,001 - base_installation - INFO - cycle_analyse - 0 row=[False, False, False]
2024-07-26 16:33:45,001 - base_installation - INFO - cycle_analyse - 1 row=['SR830_1 ch-1_meas end_work', False, False]
2024-07-26 16:33:45,002 - base_installation - INFO - cycle_analyse - row=[False, False, False]
2024-07-26 16:33:45,002 - base_installation - INFO - cycle_analyse - row=['SR830_1 ch-1_meas end_work', False, False]
2024-07-26 16:33:45,002 - base_installation - INFO - cycle_analyse - анализируем зацикливания приборов
2024-07-26 16:33:45,003 - base_installation - INFO - cycle_analyse - 0 row=[False, False, False]
2024-07-26 16:33:45,004 - base_installation - INFO - cycle_analyse - 1 row=['SR830_1 ch-1_meas end_work', False, False]
2024-07-26 16:33:45,004 - base_installation - INFO - cycle_analyse - row=[False, False, False]
2024-07-26 16:33:45,005 - base_installation - INFO - cycle_analyse - row=['SR830_1 ch-1_meas end_work', False, False]
2024-07-26 16:33:46,837 - base_installation - INFO - cycle_analyse - анализируем зацикливания приборов
2024-07-26 16:33:46,838 - base_installation - INFO - cycle_analyse - 0 row=[False, False, False]
2024-07-26 16:33:46,839 - base_installation - INFO - cycle_analyse - 1 row=['SR830_1 ch-1_meas end_work', False, False]
2024-07-26 16:33:46,839 - base_installation - INFO - cycle_analyse - row=[False, False, False]
2024-07-26 16:33:46,840 - base_installation - INFO - cycle_analyse - row=['SR830_1 ch-1_meas end_work', False, False]
2024-07-26 16:33:46,840 - base_installation - INFO - cycle_analyse - анализируем зацикливания приборов
2024-07-26 16:33:46,841 - base_installation - INFO - cycle_analyse - 0 row=[False, False, False]
2024-07-26 16:33:46,841 - base_installation - INFO - cycle_analyse - 1 row=['SR830_1 ch-1_meas end_work', False, False]
2024-07-26 16:33:46,842 - base_installation - INFO - cycle_analyse - row=[False, False, False]
2024-07-26 16:33:46,842 - base_installation - INFO - cycle_analyse - row=['SR830_1 ch-1_meas end_work', False, False]
2024-07-26 16:34:10,800 - base_installation - INFO - cycle_analyse - анализируем зацикливания приборов
2024-07-26 16:34:10,801 - base_installation - INFO - cycle_analyse - 0 row=[False, False, False]
2024-07-26 16:34:10,801 - base_installation - INFO - cycle_analyse - 1 row=['SR830_1 ch-1_meas end_work', False, False]
2024-07-26 16:34:10,802 - base_installation - INFO - cycle_analyse - row=[False, False, False]
2024-07-26 16:34:10,802 - base_installation - INFO - cycle_analyse - row=['SR830_1 ch-1_meas end_work', False, False]
2024-07-26 16:34:10,886 - base_installation - INFO - cycle_analyse - анализируем зацикливания приборов
2024-07-26 16:34:10,887 - base_installation - INFO - cycle_analyse - 0 row=[False, False, False]
2024-07-26 16:34:10,887 - base_installation - INFO - cycle_analyse - 1 row=['SR830_1 ch-1_meas end_work', False, False]
2024-07-26 16:34:10,887 - base_installation - INFO - cycle_analyse - row=[False, False, False]
2024-07-26 16:34:10,888 - base_installation - INFO - cycle_analyse - row=['SR830_1 ch-1_meas end_work', False, False]
2024-07-26 16:34:10,888 - base_installation - INFO - cycle_analyse - анализируем зацикливания приборов
2024-07-26 16:34:10,889 - base_installation - INFO - cycle_analyse - 0 row=[False, False, False]
2024-07-26 16:34:10,889 - base_installation - INFO - cycle_analyse - 1 row=['SR830_1 ch-1_meas end_work', False, False]
2024-07-26 16:34:10,889 - base_installation - INFO - cycle_analyse - row=[False, False, False]
2024-07-26 16:34:10,890 - base_installation - INFO - cycle_analyse - row=['SR830_1 ch-1_meas end_work', False, False]
2024-07-26 16:36:32,573 - __main__ - INFO - __init__ - запуск установки
2024-07-26 16:37:00,802 - base_installation - INFO - cycle_analyse - анализируем зацикливания приборов
2024-07-26 16:37:00,803 - base_installation - INFO - cycle_analyse - 0 row=[False, False, False]
2024-07-26 16:37:00,803 - base_installation - INFO - cycle_analyse - 1 row=['SR830_1 ch-1_meas end_work', False, False]
2024-07-26 16:37:00,804 - base_installation - INFO - cycle_analyse - row=[False, False, False]
2024-07-26 16:37:00,804 - base_installation - INFO - cycle_analyse - row=['SR830_1 ch-1_meas end_work', False, False]
2024-07-26 16:37:00,889 - base_installation - INFO - cycle_analyse - анализируем зацикливания приборов
2024-07-26 16:37:00,890 - base_installation - INFO - cycle_analyse - 0 row=[False, False, False]
2024-07-26 16:37:00,890 - base_installation - INFO - cycle_analyse - 1 row=['SR830_1 ch-1_meas end_work', False, False]
2024-07-26 16:37:00,890 - base_installation - INFO - cycle_analyse - row=[False, False, False]
2024-07-26 16:37:00,891 - base_installation - INFO - cycle_analyse - row=['SR830_1 ch-1_meas end_work', False, False]
2024-07-26 16:37:00,891 - base_installation - INFO - cycle_analyse - анализируем зацикливания приборов
2024-07-26 16:37:00,892 - base_installation - INFO - cycle_analyse - 0 row=[False, False, False]
2024-07-26 16:37:00,892 - base_installation - INFO - cycle_analyse - 1 row=['SR830_1 ch-1_meas end_work', False, False]
2024-07-26 16:37:00,892 - base_installation - INFO - cycle_analyse - row=[False, False, False]
2024-07-26 16:37:00,893 - base_installation - INFO - cycle_analyse - row=['SR830_1 ch-1_meas end_work', False, False]
2024-07-26 16:37:01,773 - base_installation - INFO - cycle_analyse - анализируем зацикливания приборов
2024-07-26 16:37:01,773 - base_installation - INFO - cycle_analyse - 0 row=[False, False, False]
2024-07-26 16:37:01,774 - base_installation - INFO - cycle_analyse - 1 row=['SR830_1 ch-1_meas end_work', False, False]
2024-07-26 16:37:01,774 - base_installation - INFO - cycle_analyse - row=[False, False, False]
2024-07-26 16:37:01,774 - base_installation - INFO - cycle_analyse - row=['SR830_1 ch-1_meas end_work', False, False]
2024-07-26 16:37:01,859 - base_installation - INFO - cycle_analyse - анализируем зацикливания приборов
2024-07-26 16:37:01,859 - base_installation - INFO - cycle_analyse - 0 row=[False, False, False]
2024-07-26 16:37:01,859 - base_installation - INFO - cycle_analyse - 1 row=['SR830_1 ch-1_meas end_work', False, False]
2024-07-26 16:37:01,860 - base_installation - INFO - cycle_analyse - row=[False, False, False]
2024-07-26 16:37:01,860 - base_installation - INFO - cycle_analyse - row=['SR830_1 ch-1_meas end_work', False, False]
2024-07-26 16:37:01,860 - base_installation - INFO - cycle_analyse - анализируем зацикливания приборов
2024-07-26 16:37:01,861 - base_installation - INFO - cycle_analyse - 0 row=[False, False, False]
2024-07-26 16:37:01,861 - base_installation - INFO - cycle_analyse - 1 row=['SR830_1 ch-1_meas end_work', False, False]
2024-07-26 16:37:01,861 - base_installation - INFO - cycle_analyse - row=[False, False, False]
2024-07-26 16:37:01,862 - base_installation - INFO - cycle_analyse - row=['SR830_1 ch-1_meas end_work', False, False]
2024-07-26 16:37:03,692 - base_installation - INFO - cycle_analyse - анализируем зацикливания приборов
2024-07-26 16:37:03,693 - base_installation - INFO - cycle_analyse - 0 row=[False, False, False]
2024-07-26 16:37:03,694 - base_installation - INFO - cycle_analyse - 1 row=['SR830_1 ch-1_meas end_work', False, False]
2024-07-26 16:37:03,694 - base_installation - INFO - cycle_analyse - row=[False, False, False]
2024-07-26 16:37:03,695 - base_installation - INFO - cycle_analyse - row=['SR830_1 ch-1_meas end_work', False, False]
2024-07-26 16:37:03,695 - base_installation - INFO - cycle_analyse - анализируем зацикливания приборов
2024-07-26 16:37:03,696 - base_installation - INFO - cycle_analyse - 0 row=[False, False, False]
2024-07-26 16:37:03,696 - base_installation - INFO - cycle_analyse - 1 row=['SR830_1 ch-1_meas end_work', False, False]
2024-07-26 16:37:03,696 - base_installation - INFO - cycle_analyse - row=[False, False, False]
2024-07-26 16:37:03,697 - base_installation - INFO - cycle_analyse - row=['SR830_1 ch-1_meas end_work', False, False]
2024-07-26 16:37:12,337 - base_installation - INFO - cycle_analyse - анализируем зацикливания приборов
2024-07-26 16:37:12,338 - base_installation - INFO - cycle_analyse - 0 row=[False, False, False]
2024-07-26 16:37:12,338 - base_installation - INFO - cycle_analyse - 1 row=['SR830_1 ch-1_meas end_work', False, False]
2024-07-26 16:37:12,338 - base_installation - INFO - cycle_analyse - row=[False, False, False]
2024-07-26 16:37:12,338 - base_installation - INFO - cycle_analyse - row=['SR830_1 ch-1_meas end_work', False, False]
2024-07-26 16:37:12,425 - base_installation - INFO - cycle_analyse - анализируем зацикливания приборов
2024-07-26 16:37:12,425 - base_installation - INFO - cycle_analyse - 0 row=[False, False, False]
2024-07-26 16:37:12,426 - base_installation - INFO - cycle_analyse - 1 row=['SR830_1 ch-1_meas end_work', False, False]
2024-07-26 16:37:12,426 - base_installation - INFO - cycle_analyse - row=[False, False, False]
2024-07-26 16:37:12,426 - base_installation - INFO - cycle_analyse - row=['SR830_1 ch-1_meas end_work', False, False]
2024-07-26 16:37:12,427 - base_installation - INFO - cycle_analyse - анализируем зацикливания приборов
2024-07-26 16:37:12,427 - base_installation - INFO - cycle_analyse - 0 row=[False, False, False]
2024-07-26 16:37:12,427 - base_installation - INFO - cycle_analyse - 1 row=['SR830_1 ch-1_meas end_work', False, False]
2024-07-26 16:37:12,428 - base_installation - INFO - cycle_analyse - row=[False, False, False]
2024-07-26 16:37:12,428 - base_installation - INFO - cycle_analyse - row=['SR830_1 ch-1_meas end_work', False, False]
2024-07-26 18:16:55,319 - __main__ - INFO - __init__ - запуск установки
2024-07-26 18:17:21,879 - __main__ - INFO - __init__ - запуск установки
2024-07-26 18:24:00,436 - __main__ - INFO - __init__ - запуск установки
2024-07-26 18:50:00,526 - __main__ - INFO - __init__ - запуск установки
2024-07-26 23:35:37,512 - __main__ - INFO - __init__ - запуск установки
2024-07-26 23:38:07,283 - __main__ - INFO - __init__ - запуск установки
2024-07-26 23:41:16,357 - __main__ - INFO - __init__ - запуск установки
2024-07-26 23:43:55,835 - __main__ - INFO - __init__ - запуск установки
2024-07-26 23:44:53,184 - __main__ - INFO - __init__ - запуск установки
2024-07-26 23:49:57,036 - __main__ - INFO - __init__ - запуск установки
2024-07-26 23:55:42,345 - __main__ - INFO - __init__ - запуск установки
